cat0.off -> 0.0746152 0.0752084 0.0798044 0.0798239 0.079902 0.079992 0.0802067 0.0812916 0.0813242 0.0814212 0.0815809 0.0817868 0.0819043 0.0821645 0.0823967 0.0824334 0.0831609 0.0835181 0.0835405 0.0837997 0.0838236 0.0838696 0.0838807 0.0838982 0.0842289 0.0842799 0.0843978 0.0846036 0.0852451 0.0853465 
cat1.off -> 0.0752549 0.0766502 0.0770177 0.0777067 0.0787058 0.0792178 0.0802119 0.0802997 0.0803478 0.0805399 0.0808382 0.0808634 0.0809552 0.0810795 0.0813111 0.0814799 0.0816108 0.0817443 0.082175 0.0822176 0.0822248 0.0823429 0.0825127 0.0825861 0.0827608 0.083034 0.0830586 0.0831245 0.0831948 0.0832739 
cat10.off -> 0.0851174 0.0854243 0.0860696 0.0864694 0.0865592 0.0866367 0.0867338 0.0867946 0.0868521 0.0869183 0.0872107 0.0872239 0.0872532 0.0872567 0.0873586 0.0874317 0.0876472 0.0877155 0.0878579 0.0880174 0.0881157 0.0881558 0.0883295 0.0884761 0.0884829 0.0884947 0.088571 0.0885984 0.0887004 0.0888156 
cat2.off -> 
cat3.off -> 0.0800981 0.0804626 0.0813114 0.0817962 0.082335 0.0825341 0.0825898 0.0838085 0.0842933 0.0842967 0.0844879 0.0848029 0.0848935 0.0849762 0.085042 0.0850741 0.085301 0.0855444 0.085671 0.0857495 0.0858051 0.0859678 0.0859848 0.0860892 0.0860961 0.0861464 0.0861966 0.0863355 0.0864559 0.0865358 
cat4.off -> 0.0621142 0.0642329 0.0653209 0.0668104 0.0681408 0.0683045 0.0692804 0.0697225 0.0699076 0.0703473 0.0707214 0.0708459 0.070923 0.0711003 0.0712434 0.0714517 0.0714878 0.0715897 0.0718658 0.0718905 0.0720786 0.0722305 0.0723315 0.0729086 0.0729343 0.0729689 0.0729768 0.0730514 0.0730646 0.0731374 
cat5.off -> 0.0733847 0.0737431 0.0740545 0.0744325 0.0748389 0.0748905 0.0750905 0.0752816 0.0757153 0.0762572 0.0763989 0.0770497 0.0770843 0.0777147 0.0777296 0.0777984 0.0778148 0.0779463 0.0782247 0.0783078 0.078474 0.0791797 0.0792113 0.0794065 0.0796175 0.0796488 0.0796848 0.0797006 0.080065 0.0801572 
cat7.off -> 0.0488105 0.0516176 0.0528705 0.0533259 0.0535882 0.0537024 0.0544613 0.0546961 0.0549695 0.0552312 0.0552963 0.0560934 0.0564073 0.0564566 0.0567695 0.0572199 0.0574535 0.057537 0.0575844 0.0579787 0.0584168 0.0584396 0.0588843 0.0599091 0.0600469 0.0600541 0.0602557 0.0602938 0.0605871 0.0606079 
cat8.off -> 0.0672798 0.0672821 0.067866 0.0680146 0.0685975 0.0688553 0.0690686 0.0695546 0.0696236 0.0703872 0.0707126 0.070956 0.071113 0.0711625 0.0717811 0.0720323 0.0720677 0.0722494 0.0729445 0.0730633 0.0731243 0.0731347 0.0731427 0.0733749 0.0736213 0.0737328 0.0739851 0.0741063 0.0741989 0.07426 
centaur0.off -> 0.05473 0.0574576 0.0574616 0.0575582 0.0584605 0.0585526 0.0585556 0.0586113 0.0588385 0.0588771 0.0588958 0.0592802 0.059784 0.0599015 0.0600099 0.0600317 0.0600459 0.0600712 0.060408 0.0604906 0.0605924 0.0614976 0.0615365 0.0616654 0.0618095 0.0619152 0.0619757 0.0620397 0.062544 0.0625444 
centaur1.off -> 0.0504674 0.0510771 0.0514679 0.0521737 0.0522717 0.0529296 0.0529772 0.0532354 0.0543276 0.0548057 0.0553628 0.055493 0.0557652 0.0559793 0.0565111 0.0566261 0.0569872 0.0579909 0.0582153 0.0583407 0.0584187 0.0590278 0.0594507 0.0595399 0.0595678 0.0600038 0.0602452 0.0608432 0.0614253 0.0616643 
centaur2.off -> 0.0609421 0.0610847 0.0610977 0.0612646 0.0614552 0.0614681 0.0616462 0.061676 0.0624897 0.0626372 0.0627924 0.0631425 0.0633187 0.063371 0.0634367 0.0636575 0.0639348 0.0640076 0.0646236 0.0647986 0.0648226 0.0648227 0.0648919 0.0649656 0.0651039 0.0652064 0.0653457 0.0654828 0.0659108 0.0660631 
centaur3.off -> 0.0539673 0.0541414 0.0549357 0.0558246 0.0559728 0.0562907 0.0563305 0.0567645 0.0569608 0.057019 0.0578995 0.0581019 0.0587829 0.0598761 0.0604461 0.060452 0.0606697 0.0607307 0.0608278 0.0609305 0.0611779 0.0613096 0.0614208 0.0617527 0.0620425 0.0623814 0.0625903 0.0627581 0.0629622 0.0637821 
centaur4.off -> 0.057074 0.0579123 0.0583133 0.0592035 0.0592271 0.0594728 0.059536 0.060032 0.0600653 0.0600998 0.0601635 0.0601996 0.0602295 0.0602334 0.0602349 0.0602353 0.0603426 0.0606597 0.0608119 0.0608296 0.0610286 0.0611947 0.0613381 0.0613688 0.0613835 0.0614734 0.0615676 0.0615897 0.0617531 0.0620057 
centaur5.off -> 
david0.off -> 0.0687092 0.0702045 0.0718452 0.0719157 0.0720886 0.072103 0.0722913 0.0725597 0.0726281 0.0727737 0.0729358 0.0729606 0.0733437 0.0733536 0.0743163 0.0748401 0.0748403 0.0755996 0.0756155 0.0756345 0.0757691 0.0758241 0.0758773 0.075987 0.0761268 0.0761663 0.0764535 0.0765025 0.0768438 0.0768552 
david1.off -> 0.0747966 0.0748411 0.0748548 0.0750112 0.0753224 0.0761586 0.0763084 0.0767426 0.0770254 0.0773736 0.0773945 0.0775051 0.0776979 0.0783065 0.0786933 0.0791995 0.0793473 0.0794396 0.0797672 0.0803773 0.080466 0.0806038 0.0809434 0.081004 0.0812159 0.0812421 0.0812782 0.0813469 0.0815689 0.08174 
david10.off -> 0.0675847 0.0679275 0.0681548 0.0701166 0.0704933 0.0714799 0.0715099 0.0715676 0.0717362 0.0717886 0.0720491 0.0720975 0.0746167 0.074875 0.0749417 0.075047 0.0755715 0.0759222 0.0764737 0.0772422 0.0772865 0.0773377 0.0775565 0.07759 0.0776222 0.077894 0.0780458 0.0781532 0.078405 0.0784502 
david11.off -> 0.0681176 0.0684051 0.068722 0.0692915 0.0709498 0.0709719 0.0709985 0.0715871 0.0719278 0.0721744 0.0722815 0.0743209 0.0746326 0.0755067 0.0759885 0.0763005 0.0765488 0.0766304 0.0767002 0.0773066 0.0777427 0.0782492 0.0789455 0.0789926 0.0792427 0.0792852 0.0793106 0.0794522 0.07978 0.0800164 
david12.off -> 0.0706311 0.0706776 0.0710053 0.0718393 0.0720349 0.0720474 0.0727309 0.0728613 0.0730595 0.0733619 0.0738784 0.0739009 0.0740906 0.0742843 0.0743116 0.0743347 0.0749202 0.0749373 0.0752372 0.0754052 0.0757561 0.0762393 0.0762527 0.0763529 0.0765179 0.0765535 0.0766203 0.0766866 0.0771514 0.0772284 
david13.off -> 0.0736101 0.0736235 0.0737711 0.0742894 0.0746673 0.0752799 0.0753106 0.0753589 0.0754735 0.0758164 0.0762004 0.0763962 0.0779296 0.0779527 0.077995 0.0780805 0.0784259 0.0797782 0.0798269 0.0801349 0.0802146 0.0804295 0.0814592 0.0818176 0.0821487 0.0822961 0.0823439 0.0823508 0.0824469 0.0827461 
david14.off -> 0.0667758 0.0668905 0.068545 0.0709438 0.0711378 0.0711678 0.0717245 0.0718779 0.0722399 0.0724031 0.0727906 0.0730372 0.0733295 0.0735273 0.0736579 0.0742703 0.0742949 0.0744841 0.0746545 0.0749528 0.0749752 0.0752744 0.0753121 0.0753434 0.0753585 0.0753917 0.0754401 0.0754808 0.0756708 0.0758114 
david2.off -> 0.0716734 0.0724365 0.0725852 0.0728816 0.0729974 0.0730266 0.0730936 0.0732194 0.074311 0.074403 0.0745113 0.0747127 0.0748511 0.0749886 0.0751531 0.0755641 0.0760355 0.0767753 0.0772019 0.0772339 0.0773914 0.0774881 0.0776645 0.0776832 0.077729 0.0777934 0.0779002 0.0779629 0.0779972 0.07813 
david3.off -> 0.0700248 0.0713315 0.0720799 0.0722537 0.073199 0.0734513 0.0740649 0.0740979 0.0746123 0.0749195 0.0753564 0.0759041 0.0759058 0.0769407 0.0769952 0.0778298 0.0779624 0.0781602 0.0783331 0.0784002 0.0788446 0.0789041 0.0790835 0.0792218 0.079331 0.0794494 0.0795455 0.0797186 0.0801613 0.0801887 
david4.off -> 
david5.off -> 0.0702782 0.0719448 0.0722053 0.0733356 0.0742444 0.0746745 0.0747626 0.0749315 0.0749708 0.0753078 0.0756684 0.0758782 0.0759569 0.0761039 0.0761382 0.0763609 0.0768459 0.0769265 0.0769857 0.0770225 0.0774673 0.0775052 0.0778881 0.0780687 0.0783257 0.0785563 0.07867 0.0786783 0.0787325 0.0787647 
david6.off -> 0.0689209 0.0693724 0.0695476 0.0696852 0.07078 0.0708382 0.071632 0.071885 0.071922 0.0720157 0.0727853 0.0729041 0.0736143 0.0739504 0.0741625 0.0756497 0.0757206 0.0757362 0.0761665 0.0763633 0.0772312 0.0772451 0.0777663 0.078054 0.0782589 0.0785442 0.0786808 0.0787308 0.0792489 0.0793902 
david7.off -> 0.0571517 0.057545 0.0575735 0.0581654 0.0587094 0.0599647 0.0611055 0.0618034 0.0624263 0.062512 0.0628836 0.063361 0.0635379 0.0639228 0.0642526 0.0645493 0.0658392 0.066474 0.0666911 0.0667226 0.0668383 0.0669937 0.0687497 0.06877 0.0691021 0.0696076 0.07013 0.0701356 0.0702997 0.0707113 
david8.off -> 0.07593 0.0763103 0.0773169 0.0776158 0.0778811 0.0778979 0.07802 0.0780501 0.0782127 0.0784352 0.0785013 0.0788723 0.0792132 0.0795845 0.0796042 0.0796179 0.0796497 0.0800473 0.0801209 0.0804987 0.0805839 0.0808345 0.080855 0.081262 0.0812962 0.0813871 0.0817064 0.0819248 0.0819294 0.0823241 
david9.off -> 0.0741477 0.0751967 0.0760836 0.0766291 0.0775105 0.0779333 0.0779742 0.0790128 0.0792209 0.0795072 0.0795483 0.0795701 0.0799133 0.0802024 0.0804884 0.0806063 0.0807034 0.0808475 0.0809373 0.0810327 0.08106 0.0813365 0.0813506 0.0814534 0.0815208 0.0817191 0.0819342 0.0819893 0.0820753 0.0822619 
dog0.off -> 0.0643099 0.064546 0.0648277 0.065014 0.0651197 0.0654376 0.066226 0.0662781 0.0666169 0.0666724 0.0671347 0.0672077 0.0673389 0.06736 0.067634 0.067737 0.0681575 0.0682917 0.0684631 0.0684759 0.0689723 0.068982 0.0689875 0.0690302 0.0691163 0.0691834 0.0691997 0.069346 0.0693545 0.0695741 
dog1.off -> 0.0462426 0.0473341 0.0483391 0.0487357 0.0488337 0.0502359 0.0506798 0.0510708 0.0511517 0.051409 0.0519354 0.0519466 0.05295 0.0532482 0.0535307 0.0540117 0.0540843 0.054146 0.0546638 0.0550524 0.0550613 0.0552546 0.055289 0.0553704 0.0554017 0.0554186 0.0555174 0.0555801 0.0555898 0.0559804 
dog10.off -> 0.064394 0.0660108 0.0667073 0.0668836 0.0669015 0.0673504 0.0674593 0.0675827 0.0678876 0.0684533 0.0688876 0.0689911 0.0690367 0.0692013 0.0697358 0.0697591 0.069954 0.0700813 0.0702603 0.0703021 0.0703884 0.0706734 0.0707163 0.0707206 0.0707294 0.0708349 0.0710919 0.0712097 0.0712943 0.0713833 
dog2.off -> 0.0666837 0.0675744 0.0686649 0.0686677 0.0688673 0.0691729 0.0694295 0.0696616 0.0699545 0.070169 0.0701976 0.0703134 0.0703589 0.0705832 0.0706682 0.0707127 0.0708605 0.0709421 0.0710241 0.0710937 0.0710963 0.0712552 0.0712781 0.0713975 0.071439 0.0717255 0.0717833 0.0717965 0.0718126 0.0718219 
dog3.off -> 0.0630722 0.0644373 0.0645662 0.0650119 0.065086 0.0652805 0.0653165 0.0653943 0.0654097 0.0657136 0.0662586 0.0664027 0.0665128 0.0667138 0.0671049 0.0671785 0.0672263 0.0672921 0.0678108 0.0679305 0.0681497 0.0682797 0.0684799 0.068617 0.0686819 0.0689731 0.0690248 0.0690618 0.0691678 0.0694719 
dog4.off -> 0.0600842 0.060132 0.0610285 0.0613055 0.0613421 0.0615064 0.0621283 0.0622373 0.0630136 0.0630139 0.0630833 0.063361 0.0637817 0.0639943 0.0645346 0.0645442 0.0647498 0.0653548 0.0657522 0.0659024 0.0660098 0.0664943 0.0665073 0.0671601 0.06744 0.0675877 0.0676338 0.0677619 0.0678505 0.0678677 
dog5.off -> 0.0694279 0.069847 0.0701086 0.0718042 0.0719835 0.0723253 0.0726992 0.0727877 0.0729427 0.073507 0.0739201 0.0742053 0.0743657 0.074575 0.0749144 0.0760231 0.0760489 0.0760529 0.076204 0.076406 0.0764382 0.0767137 0.0768672 0.0768687 0.0768861 0.0770107 0.0771132 0.0771218 0.0771747 0.0774125 
dog6.off -> 0.0690902 0.0696805 0.0702694 0.0703402 0.0703575 0.0704578 0.0705523 0.0706079 0.0706909 0.070727 0.0708309 0.070868 0.0709317 0.0709738 0.0710467 0.071131 0.0711533 0.0713691 0.0714018 0.0714147 0.0715015 0.071572 0.0716654 0.0716696 0.0716797 0.0718073 0.0718208 0.0718312 0.072006 0.0720549 
dog7.off -> 0.0543352 0.05458 0.0547003 0.0548402 0.0552186 0.0554373 0.0564766 0.0574344 0.0578389 0.0579746 0.0580115 0.0582266 0.0582908 0.0584956 0.0588554 0.0604521 0.0605494 0.0608739 0.0611177 0.0614939 0.0618678 0.0619529 0.0620533 0.06254 0.0630834 0.0639604 0.0640872 0.0643036 0.064392 0.0644489 
dog8.off -> 0.0532966 0.053888 0.0539245 0.0544913 0.0546256 0.0548806 0.0549746 0.0557054 0.0559361 0.0565531 0.0569931 0.0572615 0.0575596 0.0578284 0.0580399 0.0581118 0.05853 0.0586144 0.0587387 0.0589084 0.0593102 0.059516 0.0597112 0.0597537 0.0599024 0.0600956 0.0600966 0.0601365 0.0602666 0.0603248 
dog9.off -> 0.0644669 0.0653844 0.0655099 0.0664465 0.066464 0.0670559 0.0671964 0.0676071 0.0685069 0.0685439 0.0686895 0.0692244 0.0696415 0.0710497 0.0716352 0.071959 0.0720517 0.0724241 0.0725523 0.0727308 0.0727465 0.0729005 0.0729079 0.0729188 0.0732102 0.0732978 0.0733757 0.0734965 0.0743646 0.0744905 
igl::eigs RESTART
igl::eigs RESTART
igl::eigs RESTART
igl::eigs RESTART
igl::eigs RESTART
igl::eigs RESTART
igl::eigs RESTART
igl::eigs RESTART
igl::eigs RESTART
igl::eigs RESTART
igl::eigs RESTART
igl::eigs RESTART
igl::eigs RESTART
igl::eigs RESTART
igl::eigs RESTART
igl::eigs RESTART
igl::eigs RESTART
igl::eigs RESTART
igl::eigs RESTART
igl::eigs RESTART
igl::eigs RESTART
igl::eigs RESTART
igl::eigs RESTART
igl::eigs RESTART
igl::eigs RESTART
igl::eigs RESTART
igl::eigs RESTART
igl::eigs RESTART
igl::eigs RESTART
igl::eigs RESTART
igl::eigs RESTART
igl::eigs RESTART
igl::eigs RESTART
igl::eigs RESTART
igl::eigs RESTART
igl::eigs RESTART
igl::eigs RESTART
igl::eigs RESTART
igl::eigs RESTART
igl::eigs RESTART
igl::eigs RESTART
igl::eigs RESTART
igl::eigs RESTART
igl::eigs RESTART
igl::eigs RESTART
igl::eigs RESTART
igl::eigs RESTART
igl::eigs RESTART
igl::eigs RESTART
igl::eigs RESTART
igl::eigs RESTART
igl::eigs RESTART
igl::eigs RESTART
igl::eigs RESTART
igl::eigs RESTART
igl::eigs RESTART
igl::eigs RESTART
igl::eigs RESTART
igl::eigs RESTART
igl::eigs RESTART
igl::eigs RESTART
igl::eigs RESTART
igl::eigs RESTART
igl::eigs RESTART
igl::eigs RESTART
igl::eigs RESTART
igl::eigs RESTART
igl::eigs RESTART
igl::eigs RESTART
igl::eigs RESTART
igl::eigs RESTART
igl::eigs RESTART
igl::eigs RESTART
igl::eigs RESTART
igl::eigs RESTART
igl::eigs RESTART
igl::eigs RESTART
igl::eigs RESTART
igl::eigs RESTART
igl::eigs RESTART
igl::eigs RESTART
igl::eigs RESTART
igl::eigs RESTART
igl::eigs RESTART
igl::eigs RESTART
igl::eigs RESTART
igl::eigs RESTART
igl::eigs RESTART
igl::eigs RESTART
igl::eigs RESTART
igl::eigs RESTART
igl::eigs RESTART
igl::eigs RESTART
igl::eigs RESTART
igl::eigs RESTART
igl::eigs RESTART
igl::eigs RESTART
igl::eigs RESTART
igl::eigs RESTART
igl::eigs RESTART
igl::eigs RESTART
igl::eigs RESTART
igl::eigs RESTART
igl::eigs RESTART
igl::eigs RESTART
igl::eigs RESTART
igl::eigs RESTART
igl::eigs RESTART
igl::eigs RESTART
igl::eigs RESTART
igl::eigs RESTART
igl::eigs RESTART
igl::eigs RESTART
igl::eigs RESTART
igl::eigs RESTART
igl::eigs RESTART
igl::eigs RESTART
igl::eigs RESTART
igl::eigs RESTART
igl::eigs RESTART
igl::eigs RESTART
gorilla0.off -> nan nan nan nan nan nan nan nan nan nan nan nan nan nan nan nan nan nan nan nan nan nan nan nan nan nan nan nan nan nan 
igl::eigs RESTART
igl::eigs RESTART
igl::eigs RESTART
igl::eigs RESTART
igl::eigs RESTART
igl::eigs RESTART
igl::eigs RESTART
igl::eigs RESTART
igl::eigs RESTART
igl::eigs RESTART
igl::eigs RESTART
gorilla1.off -> nan nan nan nan nan nan nan nan nan nan nan nan nan nan nan nan nan nan nan nan nan nan nan nan nan nan nan nan nan nan 
igl::eigs RESTART
igl::eigs RESTART
igl::eigs RESTART
igl::eigs RESTART
igl::eigs RESTART
igl::eigs RESTART
igl::eigs RESTART
igl::eigs RESTART
igl::eigs RESTART
igl::eigs RESTART
igl::eigs RESTART
igl::eigs RESTART
igl::eigs RESTART
igl::eigs RESTART
gorilla10.off -> nan nan nan nan nan nan nan nan nan nan nan nan nan nan nan nan nan nan nan nan nan nan nan nan nan nan nan nan nan nan 
igl::eigs RESTART
igl::eigs RESTART
igl::eigs RESTART
igl::eigs RESTART
igl::eigs RESTART
igl::eigs RESTART
igl::eigs RESTART
igl::eigs RESTART
igl::eigs RESTART
igl::eigs RESTART
igl::eigs RESTART
igl::eigs RESTART
igl::eigs RESTART
igl::eigs RESTART
igl::eigs RESTART
gorilla11.off -> nan nan nan nan nan nan nan nan nan nan nan nan nan nan nan nan nan nan nan nan nan nan nan nan nan nan nan nan nan nan 
igl::eigs RESTART
igl::eigs RESTART
igl::eigs RESTART
igl::eigs RESTART
igl::eigs RESTART
igl::eigs RESTART
igl::eigs RESTART
igl::eigs RESTART
igl::eigs RESTART
igl::eigs RESTART
igl::eigs RESTART
igl::eigs RESTART
igl::eigs RESTART
igl::eigs RESTART
igl::eigs RESTART
igl::eigs RESTART
igl::eigs RESTART
igl::eigs RESTART
igl::eigs RESTART
igl::eigs RESTART
igl::eigs RESTART
igl::eigs RESTART
igl::eigs RESTART
igl::eigs RESTART
igl::eigs RESTART
igl::eigs RESTART
igl::eigs RESTART
igl::eigs RESTART
igl::eigs RESTART
igl::eigs RESTART
igl::eigs RESTART
igl::eigs RESTART
igl::eigs RESTART
igl::eigs RESTART
igl::eigs RESTART
igl::eigs RESTART
igl::eigs RESTART
igl::eigs RESTART
igl::eigs RESTART
igl::eigs RESTART
igl::eigs RESTART
igl::eigs RESTART
igl::eigs RESTART
igl::eigs RESTART
igl::eigs RESTART
igl::eigs RESTART
igl::eigs RESTART
igl::eigs RESTART
igl::eigs RESTART
igl::eigs RESTART
igl::eigs RESTART
igl::eigs RESTART
igl::eigs RESTART
igl::eigs RESTART
igl::eigs RESTART
igl::eigs RESTART
igl::eigs RESTART
igl::eigs RESTART
igl::eigs RESTART
igl::eigs RESTART
igl::eigs RESTART
igl::eigs RESTART
igl::eigs RESTART
igl::eigs RESTART
igl::eigs RESTART
igl::eigs RESTART
igl::eigs RESTART
igl::eigs RESTART
igl::eigs RESTART
igl::eigs RESTART
igl::eigs RESTART
igl::eigs RESTART
igl::eigs RESTART
igl::eigs RESTART
igl::eigs RESTART
igl::eigs RESTART
igl::eigs RESTART
igl::eigs RESTART
igl::eigs RESTART
igl::eigs RESTART
igl::eigs RESTART
igl::eigs RESTART
igl::eigs RESTART
igl::eigs RESTART
igl::eigs RESTART
igl::eigs RESTART
igl::eigs RESTART
igl::eigs RESTART
igl::eigs RESTART
igl::eigs RESTART
igl::eigs RESTART
igl::eigs RESTART
igl::eigs RESTART
igl::eigs RESTART
igl::eigs RESTART
igl::eigs RESTART
igl::eigs RESTART
igl::eigs RESTART
igl::eigs RESTART
igl::eigs RESTART
igl::eigs RESTART
igl::eigs RESTART
igl::eigs RESTART
igl::eigs RESTART
igl::eigs RESTART
igl::eigs RESTART
igl::eigs RESTART
igl::eigs RESTART
igl::eigs RESTART
igl::eigs RESTART
igl::eigs RESTART
igl::eigs RESTART
igl::eigs RESTART
igl::eigs RESTART
igl::eigs RESTART
igl::eigs RESTART
igl::eigs RESTART
igl::eigs RESTART
igl::eigs RESTART
igl::eigs RESTART
igl::eigs RESTART
igl::eigs RESTART
igl::eigs RESTART
igl::eigs RESTART
igl::eigs RESTART
igl::eigs RESTART
igl::eigs RESTART
igl::eigs RESTART
igl::eigs RESTART
igl::eigs RESTART
igl::eigs RESTART
igl::eigs RESTART
igl::eigs RESTART
igl::eigs RESTART
igl::eigs RESTART
igl::eigs RESTART
igl::eigs RESTART
igl::eigs RESTART
igl::eigs RESTART
igl::eigs RESTART
igl::eigs RESTART
igl::eigs RESTART
igl::eigs RESTART
igl::eigs RESTART
igl::eigs RESTART
igl::eigs RESTART
igl::eigs RESTART
igl::eigs RESTART
igl::eigs RESTART
igl::eigs RESTART
igl::eigs RESTART
igl::eigs RESTART
igl::eigs RESTART
igl::eigs RESTART
igl::eigs RESTART
igl::eigs RESTART
igl::eigs RESTART
igl::eigs RESTART
igl::eigs RESTART
igl::eigs RESTART
igl::eigs RESTART
igl::eigs RESTART
igl::eigs RESTART
igl::eigs RESTART
igl::eigs RESTART
igl::eigs RESTART
igl::eigs RESTART
igl::eigs RESTART
igl::eigs RESTART
igl::eigs RESTART
igl::eigs RESTART
igl::eigs RESTART
igl::eigs RESTART
igl::eigs RESTART
igl::eigs RESTART
igl::eigs RESTART
igl::eigs RESTART
igl::eigs RESTART
igl::eigs RESTART
igl::eigs RESTART
igl::eigs RESTART
igl::eigs RESTART
igl::eigs RESTART
igl::eigs RESTART
igl::eigs RESTART
igl::eigs RESTART
igl::eigs RESTART
igl::eigs RESTART
igl::eigs RESTART
igl::eigs RESTART
igl::eigs RESTART
igl::eigs RESTART
igl::eigs RESTART
igl::eigs RESTART
igl::eigs RESTART
igl::eigs RESTART
igl::eigs RESTART
igl::eigs RESTART
igl::eigs RESTART
igl::eigs RESTART
igl::eigs RESTART
igl::eigs RESTART
igl::eigs RESTART
igl::eigs RESTART
igl::eigs RESTART
igl::eigs RESTART
igl::eigs RESTART
igl::eigs RESTART
igl::eigs RESTART
igl::eigs RESTART
igl::eigs RESTART
igl::eigs RESTART
igl::eigs RESTART
igl::eigs RESTART
igl::eigs RESTART
igl::eigs RESTART
igl::eigs RESTART
igl::eigs RESTART
igl::eigs RESTART
igl::eigs RESTART
igl::eigs RESTART
igl::eigs RESTART
igl::eigs RESTART
igl::eigs RESTART
igl::eigs RESTART
igl::eigs RESTART
igl::eigs RESTART
igl::eigs RESTART
igl::eigs RESTART
igl::eigs RESTART
igl::eigs RESTART
igl::eigs RESTART
igl::eigs RESTART
igl::eigs RESTART
igl::eigs RESTART
igl::eigs RESTART
igl::eigs RESTART
igl::eigs RESTART
igl::eigs RESTART
igl::eigs RESTART
igl::eigs RESTART
igl::eigs RESTART
igl::eigs RESTART
igl::eigs RESTART
igl::eigs RESTART
igl::eigs RESTART
igl::eigs RESTART
igl::eigs RESTART
igl::eigs RESTART
igl::eigs RESTART
igl::eigs RESTART
igl::eigs RESTART
igl::eigs RESTART
igl::eigs RESTART
igl::eigs RESTART
igl::eigs RESTART
igl::eigs RESTART
igl::eigs RESTART
igl::eigs RESTART
igl::eigs RESTART
igl::eigs RESTART
igl::eigs RESTART
igl::eigs RESTART
igl::eigs RESTART
igl::eigs RESTART
igl::eigs RESTART
igl::eigs RESTART
igl::eigs RESTART
igl::eigs RESTART
igl::eigs RESTART
igl::eigs RESTART
igl::eigs RESTART
igl::eigs RESTART
igl::eigs RESTART
igl::eigs RESTART
igl::eigs RESTART
igl::eigs RESTART
igl::eigs RESTART
igl::eigs RESTART
igl::eigs RESTART
igl::eigs RESTART
igl::eigs RESTART
igl::eigs RESTART
igl::eigs RESTART
igl::eigs RESTART
igl::eigs RESTART
igl::eigs RESTART
igl::eigs RESTART
igl::eigs RESTART
igl::eigs RESTART
igl::eigs RESTART
igl::eigs RESTART
igl::eigs RESTART
igl::eigs RESTART
igl::eigs RESTART
gorilla12.off -> nan nan nan nan nan nan nan nan nan nan nan nan nan nan nan nan nan nan nan nan nan nan nan nan nan nan nan nan nan nan 
igl::eigs RESTART
igl::eigs RESTART
igl::eigs RESTART
igl::eigs RESTART
igl::eigs RESTART
igl::eigs RESTART
igl::eigs RESTART
igl::eigs RESTART
igl::eigs RESTART
igl::eigs RESTART
igl::eigs RESTART
igl::eigs RESTART
igl::eigs RESTART
igl::eigs RESTART
igl::eigs RESTART
igl::eigs RESTART
igl::eigs RESTART
igl::eigs RESTART
igl::eigs RESTART
igl::eigs RESTART
igl::eigs RESTART
igl::eigs RESTART
gorilla13.off -> nan nan nan nan nan nan nan nan nan nan nan nan nan nan nan nan nan nan nan nan nan nan nan nan nan nan nan nan nan nan 
igl::eigs RESTART
igl::eigs RESTART
igl::eigs RESTART
igl::eigs RESTART
igl::eigs RESTART
igl::eigs RESTART
igl::eigs RESTART
igl::eigs RESTART
igl::eigs RESTART
igl::eigs RESTART
igl::eigs RESTART
igl::eigs RESTART
igl::eigs RESTART
igl::eigs RESTART
igl::eigs RESTART
igl::eigs RESTART
igl::eigs RESTART
igl::eigs RESTART
igl::eigs RESTART
igl::eigs RESTART
igl::eigs RESTART
igl::eigs RESTART
igl::eigs RESTART
igl::eigs RESTART
igl::eigs RESTART
igl::eigs RESTART
igl::eigs RESTART
igl::eigs RESTART
igl::eigs RESTART
igl::eigs RESTART
igl::eigs RESTART
igl::eigs RESTART
igl::eigs RESTART
igl::eigs RESTART
igl::eigs RESTART
igl::eigs RESTART
gorilla14.off -> nan nan nan nan nan nan nan nan nan nan nan nan nan nan nan nan nan nan nan nan nan nan nan nan nan nan nan nan nan nan 
igl::eigs RESTART
igl::eigs RESTART
igl::eigs RESTART
igl::eigs RESTART
igl::eigs RESTART
igl::eigs RESTART
igl::eigs RESTART
igl::eigs RESTART
igl::eigs RESTART
igl::eigs RESTART
igl::eigs RESTART
igl::eigs RESTART
igl::eigs RESTART
igl::eigs RESTART
igl::eigs RESTART
igl::eigs RESTART
igl::eigs RESTART
igl::eigs RESTART
igl::eigs RESTART
igl::eigs RESTART
igl::eigs RESTART
igl::eigs RESTART
igl::eigs RESTART
igl::eigs RESTART
igl::eigs RESTART
igl::eigs RESTART
igl::eigs RESTART
igl::eigs RESTART
igl::eigs RESTART
igl::eigs RESTART
igl::eigs RESTART
igl::eigs RESTART
igl::eigs RESTART
igl::eigs RESTART
igl::eigs RESTART
igl::eigs RESTART
igl::eigs RESTART
igl::eigs RESTART
igl::eigs RESTART
igl::eigs RESTART
igl::eigs RESTART
igl::eigs RESTART
igl::eigs RESTART
igl::eigs RESTART
igl::eigs RESTART
igl::eigs RESTART
igl::eigs RESTART
igl::eigs RESTART
igl::eigs RESTART
igl::eigs RESTART
igl::eigs RESTART
igl::eigs RESTART
igl::eigs RESTART
igl::eigs RESTART
igl::eigs RESTART
igl::eigs RESTART
igl::eigs RESTART
igl::eigs RESTART
igl::eigs RESTART
igl::eigs RESTART
igl::eigs RESTART
igl::eigs RESTART
igl::eigs RESTART
igl::eigs RESTART
igl::eigs RESTART
igl::eigs RESTART
igl::eigs RESTART
igl::eigs RESTART
igl::eigs RESTART
igl::eigs RESTART
igl::eigs RESTART
igl::eigs RESTART
igl::eigs RESTART
igl::eigs RESTART
igl::eigs RESTART
igl::eigs RESTART
igl::eigs RESTART
igl::eigs RESTART
igl::eigs RESTART
igl::eigs RESTART
igl::eigs RESTART
igl::eigs RESTART
igl::eigs RESTART
igl::eigs RESTART
igl::eigs RESTART
igl::eigs RESTART
igl::eigs RESTART
igl::eigs RESTART
igl::eigs RESTART
igl::eigs RESTART
igl::eigs RESTART
igl::eigs RESTART
igl::eigs RESTART
igl::eigs RESTART
igl::eigs RESTART
igl::eigs RESTART
igl::eigs RESTART
igl::eigs RESTART
igl::eigs RESTART
igl::eigs RESTART
igl::eigs RESTART
igl::eigs RESTART
igl::eigs RESTART
igl::eigs RESTART
igl::eigs RESTART
igl::eigs RESTART
igl::eigs RESTART
igl::eigs RESTART
igl::eigs RESTART
igl::eigs RESTART
igl::eigs RESTART
igl::eigs RESTART
igl::eigs RESTART
igl::eigs RESTART
igl::eigs RESTART
gorilla15.off -> nan nan nan nan nan nan nan nan nan nan nan nan nan nan nan nan nan nan nan nan nan nan nan nan nan nan nan nan nan nan 
igl::eigs RESTART
igl::eigs RESTART
igl::eigs RESTART
igl::eigs RESTART
igl::eigs RESTART
igl::eigs RESTART
igl::eigs RESTART
igl::eigs RESTART
igl::eigs RESTART
igl::eigs RESTART
igl::eigs RESTART
igl::eigs RESTART
igl::eigs RESTART
igl::eigs RESTART
igl::eigs RESTART
igl::eigs RESTART
igl::eigs RESTART
igl::eigs RESTART
igl::eigs RESTART
igl::eigs RESTART
igl::eigs RESTART
igl::eigs RESTART
igl::eigs RESTART
igl::eigs RESTART
igl::eigs RESTART
igl::eigs RESTART
igl::eigs RESTART
igl::eigs RESTART
igl::eigs RESTART
igl::eigs RESTART
igl::eigs RESTART
igl::eigs RESTART
igl::eigs RESTART
igl::eigs RESTART
igl::eigs RESTART
igl::eigs RESTART
igl::eigs RESTART
igl::eigs RESTART
igl::eigs RESTART
igl::eigs RESTART
igl::eigs RESTART
igl::eigs RESTART
igl::eigs RESTART
igl::eigs RESTART
igl::eigs RESTART
igl::eigs RESTART
igl::eigs RESTART
igl::eigs RESTART
igl::eigs RESTART
igl::eigs RESTART
igl::eigs RESTART
igl::eigs RESTART
igl::eigs RESTART
igl::eigs RESTART
igl::eigs RESTART
igl::eigs RESTART
igl::eigs RESTART
igl::eigs RESTART
igl::eigs RESTART
igl::eigs RESTART
igl::eigs RESTART
igl::eigs RESTART
igl::eigs RESTART
igl::eigs RESTART
igl::eigs RESTART
igl::eigs RESTART
igl::eigs RESTART
igl::eigs RESTART
igl::eigs RESTART
igl::eigs RESTART
igl::eigs RESTART
igl::eigs RESTART
igl::eigs RESTART
igl::eigs RESTART
igl::eigs RESTART
igl::eigs RESTART
igl::eigs RESTART
igl::eigs RESTART
igl::eigs RESTART
igl::eigs RESTART
igl::eigs RESTART
igl::eigs RESTART
igl::eigs RESTART
igl::eigs RESTART
igl::eigs RESTART
igl::eigs RESTART
igl::eigs RESTART
igl::eigs RESTART
igl::eigs RESTART
igl::eigs RESTART
igl::eigs RESTART
igl::eigs RESTART
igl::eigs RESTART
igl::eigs RESTART
igl::eigs RESTART
igl::eigs RESTART
igl::eigs RESTART
igl::eigs RESTART
igl::eigs RESTART
igl::eigs RESTART
igl::eigs RESTART
igl::eigs RESTART
igl::eigs RESTART
igl::eigs RESTART
igl::eigs RESTART
igl::eigs RESTART
igl::eigs RESTART
igl::eigs RESTART
igl::eigs RESTART
igl::eigs RESTART
igl::eigs RESTART
igl::eigs RESTART
igl::eigs RESTART
igl::eigs RESTART
igl::eigs RESTART
igl::eigs RESTART
igl::eigs RESTART
igl::eigs RESTART
igl::eigs RESTART
igl::eigs RESTART
igl::eigs RESTART
igl::eigs RESTART
igl::eigs RESTART
igl::eigs RESTART
igl::eigs RESTART
igl::eigs RESTART
igl::eigs RESTART
igl::eigs RESTART
igl::eigs RESTART
igl::eigs RESTART
igl::eigs RESTART
igl::eigs RESTART
igl::eigs RESTART
igl::eigs RESTART
igl::eigs RESTART
igl::eigs RESTART
igl::eigs RESTART
igl::eigs RESTART
igl::eigs RESTART
igl::eigs RESTART
igl::eigs RESTART
igl::eigs RESTART
igl::eigs RESTART
igl::eigs RESTART
igl::eigs RESTART
igl::eigs RESTART
igl::eigs RESTART
igl::eigs RESTART
igl::eigs RESTART
igl::eigs RESTART
igl::eigs RESTART
igl::eigs RESTART
igl::eigs RESTART
igl::eigs RESTART
igl::eigs RESTART
igl::eigs RESTART
igl::eigs RESTART
igl::eigs RESTART
igl::eigs RESTART
igl::eigs RESTART
gorilla16.off -> nan nan nan nan nan nan nan nan nan nan nan nan nan nan nan nan nan nan nan nan nan nan nan nan nan nan nan nan nan nan 
igl::eigs RESTART
igl::eigs RESTART
igl::eigs RESTART
igl::eigs RESTART
igl::eigs RESTART
igl::eigs RESTART
igl::eigs RESTART
gorilla17.off -> nan nan nan nan nan nan nan nan nan nan nan nan nan nan nan nan nan nan nan nan nan nan nan nan nan nan nan nan nan nan 
igl::eigs RESTART
igl::eigs RESTART
gorilla18.off -> nan nan nan nan nan nan nan nan nan nan nan nan nan nan nan nan nan nan nan nan nan nan nan nan nan nan nan nan nan nan 
igl::eigs RESTART
igl::eigs RESTART
igl::eigs RESTART
igl::eigs RESTART
igl::eigs RESTART
igl::eigs RESTART
igl::eigs RESTART
igl::eigs RESTART
igl::eigs RESTART
igl::eigs RESTART
igl::eigs RESTART
igl::eigs RESTART
igl::eigs RESTART
igl::eigs RESTART
igl::eigs RESTART
igl::eigs RESTART
igl::eigs RESTART
igl::eigs RESTART
igl::eigs RESTART
igl::eigs RESTART
igl::eigs RESTART
igl::eigs RESTART
igl::eigs RESTART
igl::eigs RESTART
igl::eigs RESTART
igl::eigs RESTART
igl::eigs RESTART
igl::eigs RESTART
igl::eigs RESTART
igl::eigs RESTART
igl::eigs RESTART
igl::eigs RESTART
igl::eigs RESTART
igl::eigs RESTART
igl::eigs RESTART
igl::eigs RESTART
igl::eigs RESTART
igl::eigs RESTART
igl::eigs RESTART
igl::eigs RESTART
igl::eigs RESTART
igl::eigs RESTART
igl::eigs RESTART
igl::eigs RESTART
igl::eigs RESTART
igl::eigs RESTART
igl::eigs RESTART
igl::eigs RESTART
igl::eigs RESTART
igl::eigs RESTART
igl::eigs RESTART
igl::eigs RESTART
igl::eigs RESTART
igl::eigs RESTART
igl::eigs RESTART
igl::eigs RESTART
igl::eigs RESTART
igl::eigs RESTART
igl::eigs RESTART
igl::eigs RESTART
igl::eigs RESTART
igl::eigs RESTART
igl::eigs RESTART
igl::eigs RESTART
igl::eigs RESTART
igl::eigs RESTART
igl::eigs RESTART
igl::eigs RESTART
igl::eigs RESTART
igl::eigs RESTART
igl::eigs RESTART
igl::eigs RESTART
igl::eigs RESTART
igl::eigs RESTART
igl::eigs RESTART
igl::eigs RESTART
igl::eigs RESTART
igl::eigs RESTART
igl::eigs RESTART
igl::eigs RESTART
igl::eigs RESTART
igl::eigs RESTART
igl::eigs RESTART
igl::eigs RESTART
igl::eigs RESTART
igl::eigs RESTART
igl::eigs RESTART
igl::eigs RESTART
igl::eigs RESTART
igl::eigs RESTART
igl::eigs RESTART
igl::eigs RESTART
igl::eigs RESTART
igl::eigs RESTART
igl::eigs RESTART
igl::eigs RESTART
igl::eigs RESTART
igl::eigs RESTART
igl::eigs RESTART
igl::eigs RESTART
igl::eigs RESTART
igl::eigs RESTART
igl::eigs RESTART
igl::eigs RESTART
igl::eigs RESTART
igl::eigs RESTART
igl::eigs RESTART
igl::eigs RESTART
igl::eigs RESTART
igl::eigs RESTART
igl::eigs RESTART
igl::eigs RESTART
gorilla19.off -> nan nan nan nan nan nan nan nan nan nan nan nan nan nan nan nan nan nan nan nan nan nan nan nan nan nan nan nan nan nan 
igl::eigs RESTART
igl::eigs RESTART
igl::eigs RESTART
igl::eigs RESTART
igl::eigs RESTART
igl::eigs RESTART
igl::eigs RESTART
igl::eigs RESTART
igl::eigs RESTART
igl::eigs RESTART
igl::eigs RESTART
igl::eigs RESTART
gorilla2.off -> nan nan nan nan nan nan nan nan nan nan nan nan nan nan nan nan nan nan nan nan nan nan nan nan nan nan nan nan nan nan 
igl::eigs RESTART
igl::eigs RESTART
igl::eigs RESTART
igl::eigs RESTART
igl::eigs RESTART
igl::eigs RESTART
igl::eigs RESTART
igl::eigs RESTART
igl::eigs RESTART
igl::eigs RESTART
igl::eigs RESTART
igl::eigs RESTART
igl::eigs RESTART
igl::eigs RESTART
igl::eigs RESTART
igl::eigs RESTART
igl::eigs RESTART
igl::eigs RESTART
igl::eigs RESTART
igl::eigs RESTART
igl::eigs RESTART
igl::eigs RESTART
igl::eigs RESTART
igl::eigs RESTART
igl::eigs RESTART
igl::eigs RESTART
igl::eigs RESTART
igl::eigs RESTART
igl::eigs RESTART
igl::eigs RESTART
igl::eigs RESTART
igl::eigs RESTART
igl::eigs RESTART
igl::eigs RESTART
igl::eigs RESTART
igl::eigs RESTART
igl::eigs RESTART
igl::eigs RESTART
igl::eigs RESTART
igl::eigs RESTART
igl::eigs RESTART
igl::eigs RESTART
igl::eigs RESTART
igl::eigs RESTART
igl::eigs RESTART
igl::eigs RESTART
igl::eigs RESTART
igl::eigs RESTART
igl::eigs RESTART
igl::eigs RESTART
igl::eigs RESTART
igl::eigs RESTART
igl::eigs RESTART
igl::eigs RESTART
igl::eigs RESTART
igl::eigs RESTART
igl::eigs RESTART
igl::eigs RESTART
igl::eigs RESTART
igl::eigs RESTART
igl::eigs RESTART
igl::eigs RESTART
igl::eigs RESTART
igl::eigs RESTART
igl::eigs RESTART
igl::eigs RESTART
igl::eigs RESTART
igl::eigs RESTART
igl::eigs RESTART
igl::eigs RESTART
igl::eigs RESTART
igl::eigs RESTART
igl::eigs RESTART
igl::eigs RESTART
igl::eigs RESTART
igl::eigs RESTART
igl::eigs RESTART
igl::eigs RESTART
igl::eigs RESTART
igl::eigs RESTART
igl::eigs RESTART
igl::eigs RESTART
igl::eigs RESTART
igl::eigs RESTART
igl::eigs RESTART
igl::eigs RESTART
igl::eigs RESTART
igl::eigs RESTART
igl::eigs RESTART
igl::eigs RESTART
igl::eigs RESTART
igl::eigs RESTART
igl::eigs RESTART
igl::eigs RESTART
igl::eigs RESTART
igl::eigs RESTART
igl::eigs RESTART
igl::eigs RESTART
igl::eigs RESTART
igl::eigs RESTART
igl::eigs RESTART
igl::eigs RESTART
igl::eigs RESTART
igl::eigs RESTART
igl::eigs RESTART
gorilla20.off -> nan nan nan nan nan nan nan nan nan nan nan nan nan nan nan nan nan nan nan nan nan nan nan nan nan nan nan nan nan nan 
igl::eigs RESTART
igl::eigs RESTART
igl::eigs RESTART
igl::eigs RESTART
igl::eigs RESTART
igl::eigs RESTART
igl::eigs RESTART
igl::eigs RESTART
igl::eigs RESTART
igl::eigs RESTART
igl::eigs RESTART
igl::eigs RESTART
igl::eigs RESTART
igl::eigs RESTART
igl::eigs RESTART
igl::eigs RESTART
igl::eigs RESTART
igl::eigs RESTART
igl::eigs RESTART
igl::eigs RESTART
igl::eigs RESTART
igl::eigs RESTART
igl::eigs RESTART
igl::eigs RESTART
igl::eigs RESTART
igl::eigs RESTART
igl::eigs RESTART
igl::eigs RESTART
igl::eigs RESTART
igl::eigs RESTART
igl::eigs RESTART
igl::eigs RESTART
igl::eigs RESTART
igl::eigs RESTART
igl::eigs RESTART
igl::eigs RESTART
igl::eigs RESTART
igl::eigs RESTART
igl::eigs RESTART
igl::eigs RESTART
igl::eigs RESTART
igl::eigs RESTART
igl::eigs RESTART
igl::eigs RESTART
igl::eigs RESTART
igl::eigs RESTART
igl::eigs RESTART
igl::eigs RESTART
igl::eigs RESTART
igl::eigs RESTART
igl::eigs RESTART
igl::eigs RESTART
igl::eigs RESTART
igl::eigs RESTART
igl::eigs RESTART
igl::eigs RESTART
igl::eigs RESTART
igl::eigs RESTART
igl::eigs RESTART
igl::eigs RESTART
igl::eigs RESTART
igl::eigs RESTART
igl::eigs RESTART
igl::eigs RESTART
igl::eigs RESTART
igl::eigs RESTART
igl::eigs RESTART
igl::eigs RESTART
igl::eigs RESTART
igl::eigs RESTART
igl::eigs RESTART
igl::eigs RESTART
igl::eigs RESTART
igl::eigs RESTART
igl::eigs RESTART
igl::eigs RESTART
igl::eigs RESTART
igl::eigs RESTART
igl::eigs RESTART
igl::eigs RESTART
igl::eigs RESTART
igl::eigs RESTART
igl::eigs RESTART
igl::eigs RESTART
igl::eigs RESTART
igl::eigs RESTART
igl::eigs RESTART
igl::eigs RESTART
igl::eigs RESTART
igl::eigs RESTART
igl::eigs RESTART
igl::eigs RESTART
igl::eigs RESTART
igl::eigs RESTART
igl::eigs RESTART
igl::eigs RESTART
igl::eigs RESTART
igl::eigs RESTART
igl::eigs RESTART
igl::eigs RESTART
igl::eigs RESTART
igl::eigs RESTART
igl::eigs RESTART
igl::eigs RESTART
igl::eigs RESTART
igl::eigs RESTART
igl::eigs RESTART
igl::eigs RESTART
igl::eigs RESTART
igl::eigs RESTART
igl::eigs RESTART
igl::eigs RESTART
igl::eigs RESTART
igl::eigs RESTART
igl::eigs RESTART
igl::eigs RESTART
igl::eigs RESTART
igl::eigs RESTART
igl::eigs RESTART
igl::eigs RESTART
igl::eigs RESTART
igl::eigs RESTART
gorilla3.off -> nan nan nan nan nan nan nan nan nan nan nan nan nan nan nan nan nan nan nan nan nan nan nan nan nan nan nan nan nan nan 
igl::eigs RESTART
igl::eigs RESTART
igl::eigs RESTART
igl::eigs RESTART
igl::eigs RESTART
igl::eigs RESTART
igl::eigs RESTART
igl::eigs RESTART
igl::eigs RESTART
igl::eigs RESTART
igl::eigs RESTART
igl::eigs RESTART
igl::eigs RESTART
igl::eigs RESTART
igl::eigs RESTART
igl::eigs RESTART
igl::eigs RESTART
igl::eigs RESTART
igl::eigs RESTART
igl::eigs RESTART
igl::eigs RESTART
igl::eigs RESTART
igl::eigs RESTART
igl::eigs RESTART
igl::eigs RESTART
igl::eigs RESTART
igl::eigs RESTART
igl::eigs RESTART
igl::eigs RESTART
igl::eigs RESTART
igl::eigs RESTART
igl::eigs RESTART
igl::eigs RESTART
igl::eigs RESTART
igl::eigs RESTART
igl::eigs RESTART
igl::eigs RESTART
igl::eigs RESTART
igl::eigs RESTART
igl::eigs RESTART
igl::eigs RESTART
igl::eigs RESTART
igl::eigs RESTART
igl::eigs RESTART
igl::eigs RESTART
igl::eigs RESTART
igl::eigs RESTART
igl::eigs RESTART
igl::eigs RESTART
igl::eigs RESTART
igl::eigs RESTART
igl::eigs RESTART
igl::eigs RESTART
igl::eigs RESTART
igl::eigs RESTART
igl::eigs RESTART
igl::eigs RESTART
igl::eigs RESTART
gorilla4.off -> nan nan nan nan nan nan nan nan nan nan nan nan nan nan nan nan nan nan nan nan nan nan nan nan nan nan nan nan nan nan 
igl::eigs RESTART
igl::eigs RESTART
igl::eigs RESTART
igl::eigs RESTART
igl::eigs RESTART
igl::eigs RESTART
igl::eigs RESTART
igl::eigs RESTART
igl::eigs RESTART
igl::eigs RESTART
igl::eigs RESTART
igl::eigs RESTART
igl::eigs RESTART
igl::eigs RESTART
igl::eigs RESTART
igl::eigs RESTART
igl::eigs RESTART
igl::eigs RESTART
igl::eigs RESTART
igl::eigs RESTART
igl::eigs RESTART
igl::eigs RESTART
igl::eigs RESTART
igl::eigs RESTART
igl::eigs RESTART
igl::eigs RESTART
igl::eigs RESTART
igl::eigs RESTART
igl::eigs RESTART
igl::eigs RESTART
igl::eigs RESTART
gorilla5.off -> nan nan nan nan nan nan nan nan nan nan nan nan nan nan nan nan nan nan nan nan nan nan nan nan nan nan nan nan nan nan 
igl::eigs RESTART
gorilla6.off -> nan nan nan nan nan nan nan nan nan nan nan nan nan nan nan nan nan nan nan nan nan nan nan nan nan nan nan nan nan nan 
igl::eigs RESTART
igl::eigs RESTART
igl::eigs RESTART
igl::eigs RESTART
igl::eigs RESTART
igl::eigs RESTART
igl::eigs RESTART
igl::eigs RESTART
igl::eigs RESTART
igl::eigs RESTART
igl::eigs RESTART
igl::eigs RESTART
igl::eigs RESTART
igl::eigs RESTART
igl::eigs RESTART
igl::eigs RESTART
igl::eigs RESTART
igl::eigs RESTART
igl::eigs RESTART
igl::eigs RESTART
igl::eigs RESTART
igl::eigs RESTART
igl::eigs RESTART
igl::eigs RESTART
igl::eigs RESTART
igl::eigs RESTART
gorilla7.off -> nan nan nan nan nan nan nan nan nan nan nan nan nan nan nan nan nan nan nan nan nan nan nan nan nan nan nan nan nan nan 
igl::eigs RESTART
igl::eigs RESTART
igl::eigs RESTART
igl::eigs RESTART
igl::eigs RESTART
igl::eigs RESTART
igl::eigs RESTART
igl::eigs RESTART
igl::eigs RESTART
igl::eigs RESTART
igl::eigs RESTART
igl::eigs RESTART
igl::eigs RESTART
igl::eigs RESTART
igl::eigs RESTART
igl::eigs RESTART
gorilla8.off -> nan nan nan nan nan nan nan nan nan nan nan nan nan nan nan nan nan nan nan nan nan nan nan nan nan nan nan nan nan nan 
igl::eigs RESTART
igl::eigs RESTART
igl::eigs RESTART
igl::eigs RESTART
igl::eigs RESTART
igl::eigs RESTART
igl::eigs RESTART
igl::eigs RESTART
igl::eigs RESTART
igl::eigs RESTART
igl::eigs RESTART
igl::eigs RESTART
igl::eigs RESTART
igl::eigs RESTART
igl::eigs RESTART
igl::eigs RESTART
igl::eigs RESTART
igl::eigs RESTART
igl::eigs RESTART
igl::eigs RESTART
igl::eigs RESTART
igl::eigs RESTART
igl::eigs RESTART
igl::eigs RESTART
igl::eigs RESTART
igl::eigs RESTART
igl::eigs RESTART
igl::eigs RESTART
igl::eigs RESTART
igl::eigs RESTART
igl::eigs RESTART
igl::eigs RESTART
igl::eigs RESTART
igl::eigs RESTART
igl::eigs RESTART
igl::eigs RESTART
igl::eigs RESTART
igl::eigs RESTART
igl::eigs RESTART
igl::eigs RESTART
igl::eigs RESTART
igl::eigs RESTART
igl::eigs RESTART
igl::eigs RESTART
igl::eigs RESTART
igl::eigs RESTART
igl::eigs RESTART
igl::eigs RESTART
igl::eigs RESTART
igl::eigs RESTART
igl::eigs RESTART
igl::eigs RESTART
igl::eigs RESTART
igl::eigs RESTART
igl::eigs RESTART
igl::eigs RESTART
igl::eigs RESTART
igl::eigs RESTART
igl::eigs RESTART
igl::eigs RESTART
igl::eigs RESTART
igl::eigs RESTART
igl::eigs RESTART
igl::eigs RESTART
igl::eigs RESTART
igl::eigs RESTART
igl::eigs RESTART
igl::eigs RESTART
igl::eigs RESTART
igl::eigs RESTART
igl::eigs RESTART
igl::eigs RESTART
igl::eigs RESTART
igl::eigs RESTART
igl::eigs RESTART
igl::eigs RESTART
igl::eigs RESTART
igl::eigs RESTART
igl::eigs RESTART
igl::eigs RESTART
igl::eigs RESTART
igl::eigs RESTART
igl::eigs RESTART
igl::eigs RESTART
igl::eigs RESTART
igl::eigs RESTART
igl::eigs RESTART
igl::eigs RESTART
igl::eigs RESTART
igl::eigs RESTART
igl::eigs RESTART
igl::eigs RESTART
igl::eigs RESTART
igl::eigs RESTART
igl::eigs RESTART
igl::eigs RESTART
igl::eigs RESTART
gorilla9.off -> nan nan nan nan nan nan nan nan nan nan nan nan nan nan nan nan nan nan nan nan nan nan nan nan nan nan nan nan nan nan 
horse0.off -> 0.0650883 0.0654912 0.0681984 0.069188 0.0696926 0.0697684 0.0703134 0.0706465 0.0708813 0.0712651 0.072539 0.072573 0.0728415 0.0729119 0.0729847 0.0732521 0.0732587 0.0733353 0.0734213 0.0734897 0.073496 0.0739101 0.0741383 0.0741788 0.0742523 0.074304 0.0743316 0.0745255 0.0745655 0.0745947 
horse10.off -> 
horse12.off -> 0.0640924 0.0641035 0.0665561 0.067316 0.067324 0.0679974 0.0684321 0.0689513 0.0692623 0.0693576 0.0696325 0.0696983 0.0699271 0.0700642 0.0703262 0.07044 0.0704805 0.07063 0.070709 0.0707315 0.0707327 0.070854 0.0708932 0.0709309 0.070963 0.0710151 0.0710483 0.0710793 0.0710993 0.0711381 
horse13.off -> 0.0633181 0.0654733 0.0669169 0.0678462 0.0683204 0.0685174 0.0687138 0.0692113 0.0692302 0.0693412 0.069877 0.0700902 0.0704614 0.0705621 0.0707996 0.0708822 0.0709091 0.0711426 0.0714018 0.0714035 0.0714333 0.0715508 0.0715652 0.0715934 0.071634 0.0716658 0.0717638 0.071882 0.0719636 0.072098 
horse14.off -> 0.0656401 0.0659264 0.0660022 0.0660323 0.0661918 0.066669 0.0669058 0.0669424 0.0671551 0.0678325 0.0680177 0.0681585 0.0681776 0.0682018 0.0682817 0.0685863 0.0688847 0.0690264 0.069047 0.0691671 0.0694513 0.0695816 0.06972 0.0697822 0.0701462 0.070239 0.0704294 0.0704386 0.0706241 0.0708259 
horse15.off -> 0.071594 0.0723105 0.072867 0.0729137 0.0735769 0.0736279 0.0736442 0.0737122 0.0739054 0.0744397 0.0744705 0.0744832 0.0748338 0.0749213 0.0750579 0.0751514 0.0751957 0.0752291 0.0753134 0.0755158 0.0755953 0.0756484 0.0757489 0.07581 0.0758992 0.0760253 0.0760999 0.0761086 0.0762137 0.076365 
horse16.off -> 0.0639862 0.0647413 0.0667112 0.0673442 0.0676943 0.0678206 0.0685148 0.0686733 0.0689109 0.0690001 0.069119 0.0692011 0.0693602 0.0696989 0.0698145 0.0699519 0.0699909 0.0700005 0.0705173 0.0707011 0.070783 0.0708547 0.0711568 0.0712255 0.0712566 0.0713285 0.0714363 0.0714868 0.0715012 0.0715354 
horse17.off -> 0.0611529 0.0614742 0.0619284 0.0621094 0.0624079 0.0626498 0.0627167 0.0630285 0.0630767 0.063387 0.0637108 0.0638267 0.0639098 0.0639751 0.0648006 0.0650744 0.0651016 0.0651776 0.0652343 0.0652602 0.0653185 0.0654603 0.0658025 0.0661906 0.0662728 0.0664379 0.0665109 0.0666083 0.066663 0.0667529 
horse18.off -> 
horse2.off -> 0.0638892 0.0640104 0.0640384 0.0647334 0.0651592 0.0652173 0.0654585 0.0655672 0.0656015 0.0659039 0.0659945 0.0661202 0.06613 0.0661623 0.066367 0.0664383 0.0664804 0.0665545 0.067083 0.0670966 0.0672372 0.0672469 0.0672653 0.0674186 0.0675693 0.0676397 0.0677009 0.0677047 0.067725 0.067827 
horse3.off -> 0.0614369 0.0625026 0.0627204 0.0631289 0.0631829 0.0633982 0.0634325 0.0634856 0.0637806 0.064017 0.0640899 0.0644506 0.064545 0.0647219 0.0647442 0.0647949 0.0651101 0.0652099 0.0653455 0.0654722 0.0655192 0.0657351 0.0659824 0.0659961 0.066061 0.0660784 0.0662101 0.0664524 0.0664945 0.0664979 
horse4.off -> 0.071149 0.0719489 0.0720734 0.072101 0.0726499 0.0730146 0.0737661 0.0745122 0.0746871 0.0749607 0.075213 0.0754002 0.0757455 0.0760672 0.0760845 0.0762306 0.0764244 0.0765083 0.0765101 0.0765119 0.0765336 0.0767547 0.0767761 0.0768722 0.0770076 0.0771367 0.0771399 0.0771768 0.0772512 0.0773092 
horse5.off -> 0.0640233 0.0653752 0.0664393 0.0669017 0.0669214 0.0670093 0.0670759 0.0673394 0.0674136 0.067644 0.0677515 0.0684573 0.0686961 0.0687144 0.0688913 0.0688937 0.0689042 0.0689093 0.069022 0.0691162 0.0694597 0.0695897 0.0697499 0.0698845 0.0699667 0.0699814 0.0700828 0.0700832 0.0702129 0.0702368 
horse6.off -> 0.0678783 0.0681384 0.0687951 0.0694422 0.0694759 0.0696077 0.0697004 0.0697563 0.0697925 0.0698 0.0700856 0.0703443 0.0705972 0.0706665 0.0707472 0.0707579 0.0710313 0.0711306 0.0711916 0.0712433 0.0712871 0.0713762 0.0714495 0.0715938 0.0717018 0.0718026 0.071868 0.0718762 0.0718872 0.0720303 
horse7.off -> 0.063116 0.0644321 0.0646928 0.0647752 0.0648078 0.0651235 0.0655226 0.0659221 0.0666039 0.066689 0.0670165 0.0675441 0.0682383 0.0682428 0.0684812 0.068638 0.0690898 0.0697979 0.0699904 0.070017 0.0700327 0.0700539 0.0702847 0.0708211 0.0710692 0.0716975 0.0717107 0.0717835 0.0718126 0.0719933 
horse8.off -> 0.0613598 0.0615848 0.062108 0.0621683 0.0622214 0.0630324 0.0631652 0.0632377 0.0637515 0.0638077 0.0638855 0.0641328 0.0643865 0.064409 0.0644933 0.0647984 0.0648267 0.0649237 0.0655839 0.0657238 0.0658013 0.0658239 0.0660651 0.0662206 0.0662331 0.0665377 0.066758 0.0667763 0.0668188 0.0672066 
horse9.off -> 0.0705409 0.0711457 0.0716081 0.0717635 0.0721168 0.0721301 0.0722442 0.0724475 0.0728009 0.0728213 0.0730321 0.0730585 0.0731776 0.073253 0.0733059 0.0733257 0.0735056 0.0737714 0.07383 0.073938 0.0740315 0.0740327 0.0740378 0.0740525 0.0740619 0.0741114 0.0741423 0.0741786 0.0741863 0.0742434 
lioness0.off -> 0.0599682 0.061249 0.0618326 0.0627441 0.0628397 0.0647674 0.0649828 0.0656633 0.0659495 0.0660053 0.0660913 0.0661424 0.0665574 0.0666235 0.0668844 0.0669683 0.0673778 0.0674059 0.0674452 0.0674707 0.0683338 0.0683936 0.0686754 0.068779 0.0687824 0.0690388 0.0700596 0.0701097 0.070148 0.0701914 
lioness1.off -> 0.0697084 0.0706847 0.0712302 0.0727081 0.0732592 0.0743072 0.0748311 0.074967 0.0751799 0.0751837 0.0755346 0.0759659 0.0760215 0.0761454 0.0769976 0.0774397 0.0774551 0.0777185 0.0778633 0.0784982 0.0785868 0.0786175 0.0787572 0.0788675 0.07888 0.0788897 0.0788948 0.0789687 0.0790796 0.0791258 
lioness10.off -> 0.06862 0.0686516 0.0710108 0.0711685 0.0713532 0.0733933 0.073602 0.0737385 0.0739303 0.0745319 0.0748947 0.0749148 0.0749162 0.0751872 0.0752162 0.0752547 0.0753672 0.0754132 0.0754653 0.0759274 0.0759782 0.0759994 0.0762844 0.0762993 0.0769408 0.0769775 0.0770114 0.0771781 0.0774779 0.077483 
lioness12.off -> 0.0596298 0.0616065 0.0628208 0.0639134 0.0641471 0.0641881 0.0642209 0.0643778 0.0653423 0.0663315 0.0668357 0.0670678 0.0673778 0.06763 0.0681439 0.0681696 0.0681854 0.0687246 0.0687781 0.0690795 0.0694376 0.06967 0.0701194 0.0701269 0.0701657 0.0703191 0.0703193 0.070708 0.0709936 0.071067 
lioness13.off -> 0.0648509 0.064939 0.0674281 0.0680488 0.0691202 0.0703813 0.0715622 0.0717368 0.0722983 0.0723193 0.0724995 0.0735184 0.0736956 0.0737469 0.0746315 0.0746845 0.0752926 0.0753486 0.0755052 0.0755833 0.075679 0.0759938 0.0761584 0.0761725 0.0763139 0.0767739 0.0767892 0.0767992 0.0769061 0.0769973 
lioness14.off -> 
lioness15.off -> 0.0734357 0.0741184 0.0741273 0.0745012 0.0746993 0.0749047 0.0749635 0.0749886 0.0753024 0.0754149 0.0757467 0.0759946 0.0764594 0.0766313 0.0766624 0.0766938 0.076969 0.0774746 0.0775323 0.0776249 0.0776615 0.07767 0.0778 0.07782 0.0779615 0.0779782 0.0780079 0.0781481 0.0781737 0.0781918 
lioness16.off -> 0.075094 0.0758604 0.0759966 0.07626 0.0764256 0.076586 0.0770796 0.0771015 0.0774373 0.0774552 0.0780303 0.0780574 0.0781771 0.0782132 0.0782278 0.0784386 0.0784531 0.0785247 0.0785756 0.0786499 0.0787992 0.0788331 0.0792205 0.0793166 0.0793559 0.0793577 0.0794621 0.0795088 0.0795664 0.0795828 
lioness2.off -> 0.0666768 0.0687087 0.0692865 0.0693676 0.0697687 0.0698639 0.070411 0.0707777 0.0710838 0.0710923 0.0715602 0.0719373 0.0719598 0.0722441 0.072785 0.0729963 0.0733674 0.0734018 0.0739937 0.0743842 0.074837 0.0750663 0.0750872 0.0751967 0.0754316 0.0754864 0.0757636 0.0758553 0.0762507 0.0763471 
lioness3.off -> 0.0673651 0.068811 0.0691277 0.0692076 0.0702126 0.070292 0.0708295 0.0711838 0.0712314 0.0714594 0.0717661 0.0722282 0.0723697 0.0729807 0.0738179 0.0747789 0.0748041 0.0752077 0.0752722 0.0754735 0.0755961 0.0756414 0.0764019 0.0764299 0.0765874 0.0771309 0.0773257 0.0778288 0.0778952 0.07805 
lioness4.off -> 0.0682128 0.070209 0.0706542 0.0717729 0.0718197 0.0719868 0.0730191 0.0731676 0.0742077 0.0744543 0.0746182 0.0750563 0.0756228 0.0756254 0.0758439 0.07624 0.0763061 0.0764765 0.07653 0.076954 0.0769602 0.0771206 0.0771315 0.0772423 0.0772849 0.077303 0.077344 0.0776283 0.077749 0.0778665 
lioness5.off -> 0.0652081 0.0658547 0.0658755 0.066486 0.0673893 0.0675149 0.0677037 0.0678414 0.0678587 0.0681326 0.068418 0.0686238 0.0689252 0.0689506 0.0692277 0.0695649 0.0696784 0.0697707 0.0698047 0.0699572 0.0700592 0.0700666 0.0700711 0.0700863 0.0701164 0.070379 0.0706073 0.0708411 0.070856 0.0710665 
lioness6.off -> 0.066955 0.068746 0.0687751 0.0702792 0.0702921 0.070614 0.0721153 0.0729828 0.0734356 0.073466 0.0735218 0.0741 0.0756313 0.0760001 0.0760411 0.0760718 0.0761969 0.0765185 0.0765433 0.076608 0.0770434 0.0774695 0.0777836 0.0782049 0.0782681 0.0783145 0.07833 0.0784239 0.0785587 0.0787911 
lioness7.off -> 
lioness8.off -> 0.0615383 0.0636799 0.0637236 0.0637253 0.0648873 0.0657484 0.0659192 0.0662049 0.0670679 0.0676991 0.0686178 0.0688732 0.0692558 0.0695222 0.0696156 0.0697974 0.0703838 0.0705221 0.0710611 0.071259 0.0713926 0.0715047 0.0718246 0.0727529 0.0728832 0.0728925 0.0732233 0.0736986 0.0740573 0.0742632 
michael0.off -> 0.0679597 0.0684513 0.0687756 0.0697222 0.0702369 0.070307 0.0703283 0.0705755 0.0707767 0.0708461 0.0713372 0.0714056 0.0715861 0.0720953 0.0721972 0.0724883 0.0725021 0.0725638 0.0726175 0.0727405 0.0727623 0.0732592 0.0735044 0.0739864 0.0742 0.0743983 0.0745333 0.0750083 0.0750908 0.0753841 
