cat0.off -> 0.0683992 0.0690053 0.0735007 0.074767 0.0747991 0.074871 0.0748835 0.0748962 0.0749771 0.0751075 0.0751113 0.0755692 0.0758306 0.076381 0.0764206 0.0766128 0.0768734 0.0768826 0.0771832 0.0771922 0.0772985 0.0773122 0.077535 0.0775725 0.0775872 0.0776205 0.0779723 0.0785006 0.0789383 0.079155 
cat1.off -> 0.0691039 0.0711428 0.0713328 0.0730804 0.0734524 0.073768 0.0741789 0.0742436 0.0744759 0.0747268 0.0748124 0.0750299 0.0752277 0.0758774 0.076261 0.0763773 0.0764601 0.0766228 0.0771035 0.07714 0.0771408 0.0774008 0.0774275 0.0774484 0.0775163 0.0776007 0.0777317 0.0779569 0.0781116 0.0781396 
cat10.off -> 0.078546 0.0792256 0.0795195 0.0805615 0.0805877 0.0806011 0.0814317 0.0816404 0.0816765 0.0816918 0.0817269 0.0819359 0.0821432 0.0822766 0.082317 0.0823253 0.0823292 0.0826575 0.082703 0.0827138 0.0828377 0.0828811 0.0829379 0.0830515 0.0833402 0.0833534 0.0833945 0.0834328 0.083578 0.0836048 
cat2.off -> 
cat3.off -> 0.0751724 0.0757076 0.0760752 0.0773433 0.0779546 0.0780956 0.0783097 0.0787717 0.0797074 0.0797888 0.0801566 0.0807672 0.0813804 0.0816737 0.0819242 0.0824002 0.0824805 0.0824856 0.0825562 0.0828759 0.0831235 0.0832956 0.0833769 0.0834782 0.083722 0.083769 0.0838098 0.0838207 0.084 0.0840232 
cat4.off -> 0.0693476 0.069551 0.0728326 0.0749768 0.0756541 0.0756863 0.0765011 0.0769811 0.0775576 0.0779905 0.0782966 0.0784966 0.0786543 0.0787894 0.0788045 0.0789768 0.0790088 0.0794313 0.0795516 0.0796319 0.0799709 0.0801182 0.0802689 0.0802949 0.0808778 0.0811514 0.0813167 0.0814525 0.0814753 0.0816789 
cat5.off -> 0.0757788 0.0759243 0.075963 0.0761812 0.0761921 0.0763538 0.0770007 0.0770149 0.0770325 0.0773911 0.0777656 0.0779155 0.0784209 0.0786811 0.0788613 0.079054 0.0791043 0.0791406 0.0792366 0.0793929 0.0794223 0.0794876 0.0795883 0.0799534 0.0801991 0.0803577 0.0803719 0.0804559 0.0804927 0.0805996 
cat7.off -> 0.0616486 0.0640221 0.0646384 0.065396 0.067036 0.0678689 0.0680062 0.0682617 0.0682856 0.0690487 0.0701513 0.0704084 0.0704263 0.0707135 0.0707177 0.0708624 0.0710432 0.0711652 0.0717011 0.0717106 0.071872 0.0721098 0.0728839 0.0729208 0.0731033 0.0731048 0.07318 0.0737189 0.0737864 0.0739997 
cat8.off -> 0.0677845 0.067894 0.0680302 0.0687206 0.0693851 0.0697022 0.0698352 0.0698869 0.0703445 0.0708584 0.0710348 0.0712279 0.0714157 0.0718381 0.0720277 0.0720696 0.0720696 0.0724663 0.0726002 0.0729206 0.0729847 0.0731673 0.0732483 0.0733073 0.0734148 0.0736208 0.0736382 0.0736436 0.073681 0.0738164 
centaur0.off -> 0.0639689 0.0644969 0.0652957 0.0662246 0.0663327 0.0670371 0.0670529 0.0671543 0.0672953 0.067727 0.0679575 0.0682015 0.0684534 0.0685153 0.0685698 0.06888 0.069054 0.0696011 0.0697032 0.0697222 0.0699647 0.0701638 0.0702201 0.0702679 0.0705829 0.0709884 0.0710059 0.0711242 0.0717395 0.0719429 
centaur1.off -> 0.0635416 0.0650544 0.0650667 0.065274 0.0652777 0.0653851 0.0662759 0.0662953 0.0665725 0.0674382 0.0676927 0.0681737 0.0688799 0.068898 0.0690668 0.0690826 0.0699484 0.0700325 0.0703855 0.0710561 0.0712757 0.0713387 0.0713877 0.0715618 0.0715826 0.0716335 0.0720394 0.0721911 0.0724956 0.0725173 
centaur2.off -> 0.0631773 0.0632316 0.0645846 0.0649611 0.0659805 0.066107 0.0661615 0.0667256 0.066842 0.0669727 0.0670922 0.0671323 0.067151 0.0676382 0.0678353 0.0680412 0.0681529 0.0682367 0.0682823 0.0682897 0.068958 0.0689656 0.0689886 0.0690912 0.0692188 0.0692278 0.0693074 0.0693545 0.0695088 0.0696895 
centaur3.off -> 0.0531052 0.053856 0.0548567 0.0562649 0.0568219 0.0569663 0.0570822 0.0578452 0.059 0.0592122 0.0598147 0.0603128 0.0603476 0.0608052 0.061609 0.0627027 0.062867 0.0631005 0.0641275 0.0641904 0.0644553 0.0646263 0.064631 0.0646612 0.0650395 0.0659677 0.0663923 0.0664289 0.0664772 0.0668351 
centaur4.off -> 0.0654767 0.0656852 0.0664281 0.0673139 0.0673921 0.0677634 0.0678456 0.0678922 0.0680004 0.0680271 0.0684335 0.0685127 0.0685298 0.0689764 0.0689878 0.0695746 0.0698077 0.0699281 0.0702982 0.0703051 0.0706091 0.0708169 0.0708428 0.0709011 0.0710836 0.0711441 0.0711509 0.0711917 0.0712622 0.0712727 
centaur5.off -> 
david0.off -> 0.0728725 0.0732292 0.0736556 0.073923 0.074101 0.0741442 0.0743188 0.0745324 0.0747346 0.0752396 0.0754891 0.0756644 0.0758032 0.0763138 0.076351 0.0765043 0.0765163 0.0765265 0.076572 0.0766575 0.0768662 0.0770326 0.077217 0.0774896 0.077587 0.0776896 0.0778169 0.0779704 0.0782539 0.0785369 
david1.off -> 0.0752605 0.0769102 0.0770267 0.0771273 0.0773914 0.0774744 0.077509 0.0777341 0.0780952 0.0782517 0.078334 0.0783796 0.0786015 0.0787751 0.078869 0.0788911 0.0789309 0.0789534 0.0790318 0.0790545 0.0793686 0.0794698 0.0795331 0.0797132 0.0799461 0.0799533 0.0800222 0.0801016 0.0802088 0.0802403 
david10.off -> 0.0657807 0.0660321 0.0661966 0.0663722 0.0690532 0.0692226 0.0698875 0.069999 0.0701667 0.0703333 0.0703756 0.0704126 0.0724433 0.0724658 0.0726255 0.0727371 0.072795 0.072997 0.0730433 0.073065 0.0731225 0.0731806 0.0734369 0.0734738 0.0735167 0.0735354 0.0735513 0.0735625 0.0736728 0.073676 
david11.off -> 0.0629509 0.0632276 0.0634546 0.0645994 0.0656998 0.0658256 0.066259 0.0666796 0.0673174 0.0675636 0.0687351 0.0689678 0.0690222 0.0704568 0.0705893 0.0712281 0.0713527 0.0721879 0.0724711 0.0725161 0.0727441 0.0727509 0.0728208 0.0730122 0.0735079 0.0735828 0.0736483 0.0750604 0.0754766 0.0756668 
david12.off -> 
david13.off -> 0.0682649 0.069137 0.0695034 0.0695751 0.0696489 0.0703623 0.0708351 0.0713942 0.0714885 0.0718013 0.0720507 0.0721381 0.0725257 0.07343 0.0738384 0.0742442 0.0746142 0.0746754 0.0751076 0.0762993 0.0764618 0.0765589 0.0771261 0.0774966 0.077626 0.0777231 0.0783945 0.0784719 0.0786577 0.0788492 
david14.off -> 
david2.off -> 0.0746767 0.0746908 0.0757901 0.0757932 0.0761433 0.0763996 0.0770357 0.0770388 0.0771977 0.0772278 0.0775056 0.0775508 0.0776121 0.0777683 0.0778015 0.0778102 0.0778332 0.0779082 0.0780066 0.0781958 0.0784524 0.078608 0.0788578 0.0790971 0.0791202 0.0793009 0.0796591 0.0796647 0.0797371 0.0798961 
david3.off -> 0.0717453 0.0724429 0.0724541 0.0725048 0.0725277 0.0727488 0.0730617 0.074204 0.0748509 0.0751258 0.0751762 0.0753206 0.0755362 0.075572 0.0755765 0.0756356 0.0757326 0.0758998 0.0765043 0.0766358 0.0769288 0.0770107 0.0772989 0.0774234 0.0774311 0.0774778 0.0776423 0.0777068 0.0777135 0.0779877 
david4.off -> 0.0680735 0.0681281 0.0682274 0.0686298 0.0694228 0.0698957 0.0700468 0.0700675 0.0701913 0.0710977 0.0711038 0.0712132 0.072427 0.0733644 0.0735564 0.0737386 0.0738986 0.0739895 0.074682 0.0753242 0.0756571 0.0758963 0.0759759 0.0760526 0.0761065 0.0762019 0.0765032 0.0765393 0.0765657 0.0768046 
david5.off -> 0.0711595 0.072469 0.0725059 0.0725957 0.0728119 0.0740115 0.0742455 0.075079 0.0750866 0.0752156 0.0752537 0.0755981 0.0756316 0.0756887 0.0758703 0.0759109 0.0759962 0.076031 0.0762475 0.0764026 0.0764639 0.0764918 0.0765729 0.0766942 0.0767513 0.0772595 0.0772662 0.0773641 0.0774694 0.0775661 
david6.off -> 0.0652216 0.0653807 0.0655269 0.0657175 0.0661909 0.0663545 0.0663738 0.0678449 0.0681634 0.068361 0.0686298 0.0688245 0.0689066 0.0698994 0.0707441 0.0707895 0.0711218 0.0711377 0.0714265 0.071826 0.0718425 0.0724623 0.0725096 0.0732254 0.0737603 0.0743355 0.0744896 0.0745015 0.0748435 0.0748846 
david7.off -> 0.0579472 0.0582611 0.0588076 0.0591128 0.0593346 0.0604687 0.061403 0.0618226 0.0623706 0.0627328 0.0631859 0.0639855 0.0642641 0.0643908 0.0645828 0.0647285 0.0650167 0.0654133 0.0658705 0.0663178 0.0666384 0.0667985 0.067052 0.0673367 0.0676072 0.0685735 0.0690293 0.0692022 0.0693252 0.0694613 
david8.off -> 0.0781748 0.0785693 0.0787338 0.0789382 0.0792355 0.0792421 0.0794868 0.0795973 0.0797742 0.0801026 0.0801785 0.0802264 0.0802994 0.0803905 0.080537 0.0806473 0.0810665 0.081086 0.0813104 0.0815522 0.0816228 0.0817634 0.0817756 0.0817967 0.0818225 0.0818599 0.0823272 0.082376 0.0823783 0.0824684 
david9.off -> 0.0748001 0.0758928 0.0763701 0.0765958 0.0768018 0.077584 0.0776334 0.0776908 0.0779017 0.078019 0.0782015 0.0782606 0.0785364 0.0787702 0.0788914 0.0789776 0.0789918 0.0790435 0.0792364 0.0792858 0.0793566 0.0794465 0.079455 0.079505 0.0795182 0.079804 0.0798919 0.0801965 0.0802031 0.0803702 
dog0.off -> 
dog1.off -> 0.065071 0.0655393 0.0663379 0.0666045 0.0666764 0.0667257 0.0675357 0.0675362 0.0683051 0.0687426 0.0687837 0.0691702 0.0694823 0.0698039 0.0698481 0.0699902 0.0700727 0.0705696 0.0706043 0.0709509 0.0713682 0.0714218 0.0719443 0.0722643 0.0723793 0.0727436 0.0727946 0.0728401 0.0728822 0.0731032 
dog10.off -> 0.0649109 0.0661544 0.0669441 0.0671069 0.0675104 0.0675173 0.0676312 0.0680074 0.0680378 0.0680466 0.0681768 0.0682028 0.0684473 0.068598 0.0687091 0.068787 0.0692136 0.0692327 0.0692939 0.0694359 0.069531 0.0696015 0.0705785 0.0708417 0.071158 0.0714587 0.0716748 0.0716798 0.0717038 0.0717496 
dog2.off -> 0.0706414 0.0727776 0.0739376 0.074251 0.0743225 0.075109 0.0751142 0.0757528 0.075982 0.0761825 0.0766851 0.0767401 0.0767807 0.0770156 0.0770775 0.0773604 0.0777159 0.0777198 0.0778236 0.0779069 0.0779717 0.0780594 0.0781354 0.0782006 0.0783624 0.0784521 0.0784679 0.0786433 0.0787513 0.0787582 
dog3.off -> 0.0674098 0.0674614 0.0682026 0.0682891 0.068632 0.0687365 0.0692298 0.0692359 0.0692562 0.0694827 0.0695526 0.0696427 0.0697063 0.0697402 0.0697755 0.0698973 0.0699709 0.0699973 0.0700428 0.0702279 0.0703492 0.0703692 0.0703885 0.070468 0.0704789 0.0706028 0.0706856 0.0707765 0.0707769 0.0709015 
dog4.off -> 0.0627673 0.062933 0.0631456 0.063286 0.0634346 0.0639319 0.0639537 0.0640705 0.0641433 0.0642463 0.0642943 0.0643817 0.0647332 0.0653486 0.065505 0.0655578 0.066243 0.0663434 0.0667529 0.0670363 0.0672082 0.0673569 0.0676501 0.0677781 0.0678803 0.0680518 0.0681227 0.0682287 0.0683855 0.068917 
dog5.off -> 0.0708433 0.0715742 0.0723552 0.0725979 0.0726138 0.0727093 0.0727603 0.0729847 0.0730255 0.073088 0.0734575 0.0734798 0.0734887 0.0735732 0.0737397 0.0739914 0.0742814 0.0746122 0.0748139 0.0749309 0.0752508 0.0753085 0.0753179 0.0753311 0.0753941 0.0754032 0.07542 0.0755442 0.0757312 0.0757635 
dog6.off -> 0.0762388 0.0775691 0.0781331 0.078156 0.0786362 0.0789378 0.0789765 0.0790206 0.0792937 0.0794399 0.0795668 0.0795829 0.0796953 0.0796968 0.0796999 0.0797483 0.0800899 0.0803707 0.080392 0.0804078 0.0805604 0.0806453 0.0806515 0.0806656 0.080701 0.0807845 0.0808872 0.0809694 0.0810324 0.0811939 
dog7.off -> 0.0500388 0.0512102 0.0514695 0.052256 0.0532565 0.0536036 0.053737 0.0538689 0.0542439 0.0543144 0.0544398 0.0568906 0.0570213 0.0571628 0.0572515 0.0576487 0.0581673 0.0583618 0.0584486 0.0589426 0.059379 0.0596667 0.0596706 0.0607413 0.0607596 0.0613231 0.0613839 0.0613925 0.0614967 0.0615117 
dog8.off -> 0.05368 0.0537747 0.0546422 0.0551684 0.056193 0.056235 0.0565732 0.0566198 0.0573583 0.0574157 0.0574306 0.0579753 0.0583193 0.0584934 0.0585608 0.0586369 0.059358 0.0596052 0.0602974 0.0603173 0.0603674 0.0604432 0.0606136 0.0607841 0.0613259 0.0614271 0.0615528 0.0616849 0.0618294 0.0618338 
dog9.off -> 0.0666742 0.0668902 0.0675038 0.0676359 0.0677197 0.0677309 0.0678327 0.0680095 0.0682588 0.068329 0.0685643 0.0687563 0.0687788 0.0692926 0.0696475 0.0703502 0.0705513 0.0709213 0.0710864 0.0710965 0.0711943 0.071217 0.0712475 0.0713186 0.0714126 0.0714946 0.0715148 0.0715893 0.0717053 0.0717746 
igl::eigs RESTART
igl::eigs RESTART
igl::eigs RESTART
igl::eigs RESTART
igl::eigs RESTART
igl::eigs RESTART
igl::eigs RESTART
igl::eigs RESTART
igl::eigs RESTART
igl::eigs RESTART
igl::eigs RESTART
igl::eigs RESTART
igl::eigs RESTART
igl::eigs RESTART
igl::eigs RESTART
igl::eigs RESTART
igl::eigs RESTART
igl::eigs RESTART
igl::eigs RESTART
igl::eigs RESTART
igl::eigs RESTART
igl::eigs RESTART
igl::eigs RESTART
igl::eigs RESTART
igl::eigs RESTART
igl::eigs RESTART
igl::eigs RESTART
igl::eigs RESTART
igl::eigs RESTART
igl::eigs RESTART
igl::eigs RESTART
igl::eigs RESTART
igl::eigs RESTART
igl::eigs RESTART
igl::eigs RESTART
igl::eigs RESTART
igl::eigs RESTART
igl::eigs RESTART
igl::eigs RESTART
igl::eigs RESTART
igl::eigs RESTART
igl::eigs RESTART
igl::eigs RESTART
igl::eigs RESTART
igl::eigs RESTART
igl::eigs RESTART
igl::eigs RESTART
igl::eigs RESTART
igl::eigs RESTART
igl::eigs RESTART
igl::eigs RESTART
igl::eigs RESTART
igl::eigs RESTART
igl::eigs RESTART
igl::eigs RESTART
igl::eigs RESTART
igl::eigs RESTART
igl::eigs RESTART
igl::eigs RESTART
igl::eigs RESTART
igl::eigs RESTART
igl::eigs RESTART
igl::eigs RESTART
igl::eigs RESTART
igl::eigs RESTART
igl::eigs RESTART
igl::eigs RESTART
igl::eigs RESTART
igl::eigs RESTART
igl::eigs RESTART
igl::eigs RESTART
igl::eigs RESTART
igl::eigs RESTART
igl::eigs RESTART
igl::eigs RESTART
igl::eigs RESTART
igl::eigs RESTART
igl::eigs RESTART
igl::eigs RESTART
igl::eigs RESTART
igl::eigs RESTART
igl::eigs RESTART
igl::eigs RESTART
gorilla0.off -> nan nan nan nan nan nan nan nan nan nan nan nan nan nan nan nan nan nan nan nan nan nan nan nan nan nan nan nan nan nan 
igl::eigs RESTART
igl::eigs RESTART
igl::eigs RESTART
igl::eigs RESTART
igl::eigs RESTART
igl::eigs RESTART
igl::eigs RESTART
igl::eigs RESTART
igl::eigs RESTART
igl::eigs RESTART
igl::eigs RESTART
igl::eigs RESTART
igl::eigs RESTART
igl::eigs RESTART
igl::eigs RESTART
igl::eigs RESTART
igl::eigs RESTART
igl::eigs RESTART
igl::eigs RESTART
igl::eigs RESTART
igl::eigs RESTART
igl::eigs RESTART
igl::eigs RESTART
igl::eigs RESTART
igl::eigs RESTART
igl::eigs RESTART
igl::eigs RESTART
igl::eigs RESTART
igl::eigs RESTART
igl::eigs RESTART
igl::eigs RESTART
igl::eigs RESTART
igl::eigs RESTART
igl::eigs RESTART
igl::eigs RESTART
igl::eigs RESTART
igl::eigs RESTART
igl::eigs RESTART
igl::eigs RESTART
igl::eigs RESTART
igl::eigs RESTART
igl::eigs RESTART
igl::eigs RESTART
igl::eigs RESTART
igl::eigs RESTART
igl::eigs RESTART
igl::eigs RESTART
igl::eigs RESTART
igl::eigs RESTART
igl::eigs RESTART
igl::eigs RESTART
igl::eigs RESTART
igl::eigs RESTART
igl::eigs RESTART
igl::eigs RESTART
igl::eigs RESTART
igl::eigs RESTART
igl::eigs RESTART
igl::eigs RESTART
igl::eigs RESTART
igl::eigs RESTART
igl::eigs RESTART
igl::eigs RESTART
igl::eigs RESTART
igl::eigs RESTART
igl::eigs RESTART
igl::eigs RESTART
igl::eigs RESTART
igl::eigs RESTART
igl::eigs RESTART
igl::eigs RESTART
igl::eigs RESTART
gorilla1.off -> nan nan nan nan nan nan nan nan nan nan nan nan nan nan nan nan nan nan nan nan nan nan nan nan nan nan nan nan nan nan 
gorilla10.off -> 44054.4 44054.4 44054.4 44054.4 44054.4 44054.4 44054.4 44054.4 44054.4 44054.4 44054.4 44054.4 44054.4 44054.4 44054.4 44054.4 44054.4 44054.4 44054.4 44054.4 44054.4 44054.4 44054.4 44054.4 44054.4 44054.4 44054.4 44054.4 44054.4 44054.4 
igl::eigs RESTART
igl::eigs RESTART
igl::eigs RESTART
igl::eigs RESTART
igl::eigs RESTART
gorilla11.off -> nan nan nan nan nan nan nan nan nan nan nan nan nan nan nan nan nan nan nan nan nan nan nan nan nan nan nan nan nan nan 
igl::eigs RESTART
igl::eigs RESTART
igl::eigs RESTART
igl::eigs RESTART
igl::eigs RESTART
igl::eigs RESTART
igl::eigs RESTART
igl::eigs RESTART
igl::eigs RESTART
igl::eigs RESTART
igl::eigs RESTART
igl::eigs RESTART
igl::eigs RESTART
igl::eigs RESTART
igl::eigs RESTART
igl::eigs RESTART
igl::eigs RESTART
igl::eigs RESTART
igl::eigs RESTART
igl::eigs RESTART
igl::eigs RESTART
igl::eigs RESTART
igl::eigs RESTART
igl::eigs RESTART
igl::eigs RESTART
igl::eigs RESTART
igl::eigs RESTART
igl::eigs RESTART
igl::eigs RESTART
igl::eigs RESTART
igl::eigs RESTART
igl::eigs RESTART
igl::eigs RESTART
igl::eigs RESTART
igl::eigs RESTART
igl::eigs RESTART
igl::eigs RESTART
igl::eigs RESTART
igl::eigs RESTART
igl::eigs RESTART
igl::eigs RESTART
igl::eigs RESTART
igl::eigs RESTART
igl::eigs RESTART
igl::eigs RESTART
igl::eigs RESTART
igl::eigs RESTART
igl::eigs RESTART
igl::eigs RESTART
igl::eigs RESTART
igl::eigs RESTART
igl::eigs RESTART
igl::eigs RESTART
igl::eigs RESTART
igl::eigs RESTART
igl::eigs RESTART
igl::eigs RESTART
igl::eigs RESTART
igl::eigs RESTART
igl::eigs RESTART
igl::eigs RESTART
igl::eigs RESTART
igl::eigs RESTART
igl::eigs RESTART
igl::eigs RESTART
igl::eigs RESTART
igl::eigs RESTART
igl::eigs RESTART
igl::eigs RESTART
igl::eigs RESTART
igl::eigs RESTART
igl::eigs RESTART
igl::eigs RESTART
igl::eigs RESTART
igl::eigs RESTART
igl::eigs RESTART
igl::eigs RESTART
igl::eigs RESTART
igl::eigs RESTART
igl::eigs RESTART
igl::eigs RESTART
igl::eigs RESTART
igl::eigs RESTART
igl::eigs RESTART
igl::eigs RESTART
igl::eigs RESTART
igl::eigs RESTART
igl::eigs RESTART
igl::eigs RESTART
igl::eigs RESTART
igl::eigs RESTART
igl::eigs RESTART
igl::eigs RESTART
igl::eigs RESTART
igl::eigs RESTART
igl::eigs RESTART
igl::eigs RESTART
igl::eigs RESTART
igl::eigs RESTART
igl::eigs RESTART
igl::eigs RESTART
igl::eigs RESTART
igl::eigs RESTART
gorilla12.off -> nan nan nan nan nan nan nan nan nan nan nan nan nan nan nan nan nan nan nan nan nan nan nan nan nan nan nan nan nan nan 
igl::eigs RESTART
igl::eigs RESTART
igl::eigs RESTART
igl::eigs RESTART
igl::eigs RESTART
igl::eigs RESTART
igl::eigs RESTART
igl::eigs RESTART
igl::eigs RESTART
igl::eigs RESTART
igl::eigs RESTART
igl::eigs RESTART
igl::eigs RESTART
igl::eigs RESTART
igl::eigs RESTART
igl::eigs RESTART
igl::eigs RESTART
igl::eigs RESTART
igl::eigs RESTART
igl::eigs RESTART
igl::eigs RESTART
igl::eigs RESTART
igl::eigs RESTART
igl::eigs RESTART
igl::eigs RESTART
igl::eigs RESTART
igl::eigs RESTART
igl::eigs RESTART
igl::eigs RESTART
igl::eigs RESTART
igl::eigs RESTART
igl::eigs RESTART
igl::eigs RESTART
igl::eigs RESTART
igl::eigs RESTART
igl::eigs RESTART
igl::eigs RESTART
igl::eigs RESTART
igl::eigs RESTART
igl::eigs RESTART
igl::eigs RESTART
igl::eigs RESTART
igl::eigs RESTART
igl::eigs RESTART
igl::eigs RESTART
igl::eigs RESTART
igl::eigs RESTART
igl::eigs RESTART
igl::eigs RESTART
igl::eigs RESTART
igl::eigs RESTART
igl::eigs RESTART
igl::eigs RESTART
igl::eigs RESTART
igl::eigs RESTART
igl::eigs RESTART
igl::eigs RESTART
igl::eigs RESTART
igl::eigs RESTART
igl::eigs RESTART
igl::eigs RESTART
igl::eigs RESTART
igl::eigs RESTART
igl::eigs RESTART
igl::eigs RESTART
igl::eigs RESTART
igl::eigs RESTART
igl::eigs RESTART
igl::eigs RESTART
igl::eigs RESTART
igl::eigs RESTART
igl::eigs RESTART
igl::eigs RESTART
igl::eigs RESTART
igl::eigs RESTART
igl::eigs RESTART
igl::eigs RESTART
igl::eigs RESTART
igl::eigs RESTART
igl::eigs RESTART
igl::eigs RESTART
igl::eigs RESTART
igl::eigs RESTART
igl::eigs RESTART
igl::eigs RESTART
igl::eigs RESTART
igl::eigs RESTART
igl::eigs RESTART
igl::eigs RESTART
igl::eigs RESTART
igl::eigs RESTART
igl::eigs RESTART
igl::eigs RESTART
gorilla13.off -> nan nan nan nan nan nan nan nan nan nan nan nan nan nan nan nan nan nan nan nan nan nan nan nan nan nan nan nan nan nan 
igl::eigs RESTART
igl::eigs RESTART
igl::eigs RESTART
igl::eigs RESTART
igl::eigs RESTART
igl::eigs RESTART
igl::eigs RESTART
igl::eigs RESTART
igl::eigs RESTART
igl::eigs RESTART
igl::eigs RESTART
igl::eigs RESTART
igl::eigs RESTART
igl::eigs RESTART
igl::eigs RESTART
igl::eigs RESTART
igl::eigs RESTART
igl::eigs RESTART
igl::eigs RESTART
igl::eigs RESTART
igl::eigs RESTART
igl::eigs RESTART
igl::eigs RESTART
igl::eigs RESTART
igl::eigs RESTART
igl::eigs RESTART
igl::eigs RESTART
igl::eigs RESTART
igl::eigs RESTART
igl::eigs RESTART
igl::eigs RESTART
igl::eigs RESTART
igl::eigs RESTART
igl::eigs RESTART
igl::eigs RESTART
gorilla14.off -> nan nan nan nan nan nan nan nan nan nan nan nan nan nan nan nan nan nan nan nan nan nan nan nan nan nan nan nan nan nan 
igl::eigs RESTART
igl::eigs RESTART
igl::eigs RESTART
igl::eigs RESTART
igl::eigs RESTART
igl::eigs RESTART
igl::eigs RESTART
igl::eigs RESTART
igl::eigs RESTART
igl::eigs RESTART
igl::eigs RESTART
igl::eigs RESTART
igl::eigs RESTART
igl::eigs RESTART
igl::eigs RESTART
igl::eigs RESTART
igl::eigs RESTART
igl::eigs RESTART
igl::eigs RESTART
igl::eigs RESTART
igl::eigs RESTART
igl::eigs RESTART
igl::eigs RESTART
igl::eigs RESTART
igl::eigs RESTART
igl::eigs RESTART
igl::eigs RESTART
igl::eigs RESTART
igl::eigs RESTART
igl::eigs RESTART
gorilla15.off -> nan nan nan nan nan nan nan nan nan nan nan nan nan nan nan nan nan nan nan nan nan nan nan nan nan nan nan nan nan nan 
igl::eigs RESTART
igl::eigs RESTART
igl::eigs RESTART
igl::eigs RESTART
igl::eigs RESTART
igl::eigs RESTART
igl::eigs RESTART
igl::eigs RESTART
igl::eigs RESTART
igl::eigs RESTART
igl::eigs RESTART
igl::eigs RESTART
igl::eigs RESTART
igl::eigs RESTART
igl::eigs RESTART
igl::eigs RESTART
igl::eigs RESTART
igl::eigs RESTART
igl::eigs RESTART
igl::eigs RESTART
igl::eigs RESTART
igl::eigs RESTART
igl::eigs RESTART
igl::eigs RESTART
igl::eigs RESTART
igl::eigs RESTART
igl::eigs RESTART
igl::eigs RESTART
igl::eigs RESTART
igl::eigs RESTART
igl::eigs RESTART
igl::eigs RESTART
igl::eigs RESTART
igl::eigs RESTART
igl::eigs RESTART
igl::eigs RESTART
igl::eigs RESTART
igl::eigs RESTART
igl::eigs RESTART
igl::eigs RESTART
igl::eigs RESTART
igl::eigs RESTART
igl::eigs RESTART
igl::eigs RESTART
igl::eigs RESTART
igl::eigs RESTART
igl::eigs RESTART
igl::eigs RESTART
igl::eigs RESTART
igl::eigs RESTART
igl::eigs RESTART
igl::eigs RESTART
igl::eigs RESTART
igl::eigs RESTART
igl::eigs RESTART
igl::eigs RESTART
igl::eigs RESTART
igl::eigs RESTART
igl::eigs RESTART
igl::eigs RESTART
igl::eigs RESTART
igl::eigs RESTART
igl::eigs RESTART
igl::eigs RESTART
igl::eigs RESTART
igl::eigs RESTART
igl::eigs RESTART
igl::eigs RESTART
igl::eigs RESTART
igl::eigs RESTART
igl::eigs RESTART
igl::eigs RESTART
igl::eigs RESTART
igl::eigs RESTART
igl::eigs RESTART
igl::eigs RESTART
igl::eigs RESTART
igl::eigs RESTART
igl::eigs RESTART
igl::eigs RESTART
igl::eigs RESTART
igl::eigs RESTART
igl::eigs RESTART
igl::eigs RESTART
igl::eigs RESTART
igl::eigs RESTART
igl::eigs RESTART
igl::eigs RESTART
igl::eigs RESTART
igl::eigs RESTART
igl::eigs RESTART
igl::eigs RESTART
igl::eigs RESTART
igl::eigs RESTART
igl::eigs RESTART
igl::eigs RESTART
igl::eigs RESTART
igl::eigs RESTART
igl::eigs RESTART
igl::eigs RESTART
igl::eigs RESTART
igl::eigs RESTART
igl::eigs RESTART
igl::eigs RESTART
igl::eigs RESTART
igl::eigs RESTART
igl::eigs RESTART
igl::eigs RESTART
igl::eigs RESTART
igl::eigs RESTART
igl::eigs RESTART
igl::eigs RESTART
igl::eigs RESTART
igl::eigs RESTART
igl::eigs RESTART
igl::eigs RESTART
igl::eigs RESTART
igl::eigs RESTART
igl::eigs RESTART
igl::eigs RESTART
igl::eigs RESTART
igl::eigs RESTART
igl::eigs RESTART
igl::eigs RESTART
igl::eigs RESTART
igl::eigs RESTART
igl::eigs RESTART
gorilla16.off -> nan nan nan nan nan nan nan nan nan nan nan nan nan nan nan nan nan nan nan nan nan nan nan nan nan nan nan nan nan nan 
igl::eigs RESTART
igl::eigs RESTART
igl::eigs RESTART
igl::eigs RESTART
igl::eigs RESTART
igl::eigs RESTART
igl::eigs RESTART
igl::eigs RESTART
igl::eigs RESTART
igl::eigs RESTART
igl::eigs RESTART
igl::eigs RESTART
igl::eigs RESTART
igl::eigs RESTART
igl::eigs RESTART
igl::eigs RESTART
igl::eigs RESTART
igl::eigs RESTART
igl::eigs RESTART
igl::eigs RESTART
igl::eigs RESTART
igl::eigs RESTART
igl::eigs RESTART
igl::eigs RESTART
igl::eigs RESTART
igl::eigs RESTART
igl::eigs RESTART
igl::eigs RESTART
igl::eigs RESTART
igl::eigs RESTART
igl::eigs RESTART
igl::eigs RESTART
igl::eigs RESTART
igl::eigs RESTART
igl::eigs RESTART
igl::eigs RESTART
igl::eigs RESTART
igl::eigs RESTART
igl::eigs RESTART
igl::eigs RESTART
igl::eigs RESTART
igl::eigs RESTART
igl::eigs RESTART
igl::eigs RESTART
igl::eigs RESTART
igl::eigs RESTART
igl::eigs RESTART
igl::eigs RESTART
igl::eigs RESTART
igl::eigs RESTART
igl::eigs RESTART
igl::eigs RESTART
igl::eigs RESTART
igl::eigs RESTART
igl::eigs RESTART
igl::eigs RESTART
igl::eigs RESTART
igl::eigs RESTART
igl::eigs RESTART
igl::eigs RESTART
igl::eigs RESTART
igl::eigs RESTART
gorilla17.off -> nan nan nan nan nan nan nan nan nan nan nan nan nan nan nan nan nan nan nan nan nan nan nan nan nan nan nan nan nan nan 
igl::eigs RESTART
igl::eigs RESTART
igl::eigs RESTART
igl::eigs RESTART
igl::eigs RESTART
igl::eigs RESTART
igl::eigs RESTART
igl::eigs RESTART
igl::eigs RESTART
igl::eigs RESTART
igl::eigs RESTART
igl::eigs RESTART
igl::eigs RESTART
igl::eigs RESTART
igl::eigs RESTART
igl::eigs RESTART
igl::eigs RESTART
igl::eigs RESTART
igl::eigs RESTART
igl::eigs RESTART
igl::eigs RESTART
igl::eigs RESTART
igl::eigs RESTART
igl::eigs RESTART
igl::eigs RESTART
igl::eigs RESTART
igl::eigs RESTART
igl::eigs RESTART
igl::eigs RESTART
igl::eigs RESTART
igl::eigs RESTART
igl::eigs RESTART
igl::eigs RESTART
igl::eigs RESTART
igl::eigs RESTART
igl::eigs RESTART
igl::eigs RESTART
igl::eigs RESTART
igl::eigs RESTART
igl::eigs RESTART
igl::eigs RESTART
igl::eigs RESTART
igl::eigs RESTART
igl::eigs RESTART
igl::eigs RESTART
igl::eigs RESTART
igl::eigs RESTART
igl::eigs RESTART
igl::eigs RESTART
igl::eigs RESTART
igl::eigs RESTART
igl::eigs RESTART
igl::eigs RESTART
igl::eigs RESTART
igl::eigs RESTART
igl::eigs RESTART
igl::eigs RESTART
igl::eigs RESTART
igl::eigs RESTART
igl::eigs RESTART
igl::eigs RESTART
igl::eigs RESTART
igl::eigs RESTART
igl::eigs RESTART
igl::eigs RESTART
igl::eigs RESTART
igl::eigs RESTART
igl::eigs RESTART
igl::eigs RESTART
igl::eigs RESTART
igl::eigs RESTART
igl::eigs RESTART
igl::eigs RESTART
igl::eigs RESTART
igl::eigs RESTART
igl::eigs RESTART
igl::eigs RESTART
igl::eigs RESTART
igl::eigs RESTART
igl::eigs RESTART
igl::eigs RESTART
igl::eigs RESTART
igl::eigs RESTART
igl::eigs RESTART
igl::eigs RESTART
igl::eigs RESTART
igl::eigs RESTART
igl::eigs RESTART
igl::eigs RESTART
igl::eigs RESTART
igl::eigs RESTART
igl::eigs RESTART
igl::eigs RESTART
igl::eigs RESTART
igl::eigs RESTART
igl::eigs RESTART
igl::eigs RESTART
igl::eigs RESTART
igl::eigs RESTART
gorilla18.off -> nan nan nan nan nan nan nan nan nan nan nan nan nan nan nan nan nan nan nan nan nan nan nan nan nan nan nan nan nan nan 
igl::eigs RESTART
igl::eigs RESTART
igl::eigs RESTART
igl::eigs RESTART
igl::eigs RESTART
igl::eigs RESTART
igl::eigs RESTART
igl::eigs RESTART
igl::eigs RESTART
igl::eigs RESTART
igl::eigs RESTART
igl::eigs RESTART
igl::eigs RESTART
igl::eigs RESTART
igl::eigs RESTART
igl::eigs RESTART
igl::eigs RESTART
igl::eigs RESTART
gorilla19.off -> nan nan nan nan nan nan nan nan nan nan nan nan nan nan nan nan nan nan nan nan nan nan nan nan nan nan nan nan nan nan 
igl::eigs RESTART
igl::eigs RESTART
igl::eigs RESTART
igl::eigs RESTART
igl::eigs RESTART
igl::eigs RESTART
gorilla2.off -> nan nan nan nan nan nan nan nan nan nan nan nan nan nan nan nan nan nan nan nan nan nan nan nan nan nan nan nan nan nan 
igl::eigs RESTART
igl::eigs RESTART
igl::eigs RESTART
igl::eigs RESTART
igl::eigs RESTART
gorilla20.off -> nan nan nan nan nan nan nan nan nan nan nan nan nan nan nan nan nan nan nan nan nan nan nan nan nan nan nan nan nan nan 
igl::eigs RESTART
igl::eigs RESTART
igl::eigs RESTART
igl::eigs RESTART
igl::eigs RESTART
igl::eigs RESTART
igl::eigs RESTART
igl::eigs RESTART
igl::eigs RESTART
igl::eigs RESTART
igl::eigs RESTART
igl::eigs RESTART
igl::eigs RESTART
igl::eigs RESTART
igl::eigs RESTART
igl::eigs RESTART
igl::eigs RESTART
igl::eigs RESTART
igl::eigs RESTART
igl::eigs RESTART
igl::eigs RESTART
igl::eigs RESTART
igl::eigs RESTART
igl::eigs RESTART
igl::eigs RESTART
igl::eigs RESTART
igl::eigs RESTART
igl::eigs RESTART
igl::eigs RESTART
igl::eigs RESTART
igl::eigs RESTART
igl::eigs RESTART
igl::eigs RESTART
igl::eigs RESTART
igl::eigs RESTART
igl::eigs RESTART
igl::eigs RESTART
igl::eigs RESTART
igl::eigs RESTART
igl::eigs RESTART
igl::eigs RESTART
igl::eigs RESTART
igl::eigs RESTART
igl::eigs RESTART
igl::eigs RESTART
igl::eigs RESTART
igl::eigs RESTART
igl::eigs RESTART
igl::eigs RESTART
igl::eigs RESTART
igl::eigs RESTART
igl::eigs RESTART
igl::eigs RESTART
igl::eigs RESTART
igl::eigs RESTART
igl::eigs RESTART
igl::eigs RESTART
igl::eigs RESTART
igl::eigs RESTART
igl::eigs RESTART
igl::eigs RESTART
igl::eigs RESTART
igl::eigs RESTART
igl::eigs RESTART
igl::eigs RESTART
igl::eigs RESTART
igl::eigs RESTART
igl::eigs RESTART
igl::eigs RESTART
igl::eigs RESTART
igl::eigs RESTART
igl::eigs RESTART
gorilla3.off -> nan nan nan nan nan nan nan nan nan nan nan nan nan nan nan nan nan nan nan nan nan nan nan nan nan nan nan nan nan nan 
igl::eigs RESTART
igl::eigs RESTART
igl::eigs RESTART
igl::eigs RESTART
igl::eigs RESTART
igl::eigs RESTART
igl::eigs RESTART
igl::eigs RESTART
igl::eigs RESTART
igl::eigs RESTART
igl::eigs RESTART
igl::eigs RESTART
igl::eigs RESTART
igl::eigs RESTART
igl::eigs RESTART
igl::eigs RESTART
igl::eigs RESTART
igl::eigs RESTART
igl::eigs RESTART
igl::eigs RESTART
igl::eigs RESTART
igl::eigs RESTART
igl::eigs RESTART
igl::eigs RESTART
igl::eigs RESTART
igl::eigs RESTART
igl::eigs RESTART
igl::eigs RESTART
igl::eigs RESTART
igl::eigs RESTART
igl::eigs RESTART
igl::eigs RESTART
igl::eigs RESTART
igl::eigs RESTART
igl::eigs RESTART
igl::eigs RESTART
igl::eigs RESTART
igl::eigs RESTART
igl::eigs RESTART
igl::eigs RESTART
igl::eigs RESTART
igl::eigs RESTART
igl::eigs RESTART
igl::eigs RESTART
igl::eigs RESTART
igl::eigs RESTART
igl::eigs RESTART
igl::eigs RESTART
igl::eigs RESTART
igl::eigs RESTART
igl::eigs RESTART
igl::eigs RESTART
igl::eigs RESTART
igl::eigs RESTART
igl::eigs RESTART
igl::eigs RESTART
igl::eigs RESTART
igl::eigs RESTART
igl::eigs RESTART
igl::eigs RESTART
igl::eigs RESTART
igl::eigs RESTART
igl::eigs RESTART
igl::eigs RESTART
igl::eigs RESTART
igl::eigs RESTART
igl::eigs RESTART
igl::eigs RESTART
gorilla4.off -> nan nan nan nan nan nan nan nan nan nan nan nan nan nan nan nan nan nan nan nan nan nan nan nan nan nan nan nan nan nan 
igl::eigs RESTART
igl::eigs RESTART
igl::eigs RESTART
igl::eigs RESTART
igl::eigs RESTART
igl::eigs RESTART
igl::eigs RESTART
igl::eigs RESTART
igl::eigs RESTART
igl::eigs RESTART
igl::eigs RESTART
igl::eigs RESTART
igl::eigs RESTART
igl::eigs RESTART
igl::eigs RESTART
igl::eigs RESTART
igl::eigs RESTART
igl::eigs RESTART
igl::eigs RESTART
igl::eigs RESTART
igl::eigs RESTART
igl::eigs RESTART
igl::eigs RESTART
igl::eigs RESTART
igl::eigs RESTART
igl::eigs RESTART
igl::eigs RESTART
igl::eigs RESTART
igl::eigs RESTART
igl::eigs RESTART
igl::eigs RESTART
igl::eigs RESTART
igl::eigs RESTART
igl::eigs RESTART
igl::eigs RESTART
igl::eigs RESTART
igl::eigs RESTART
gorilla5.off -> nan nan nan nan nan nan nan nan nan nan nan nan nan nan nan nan nan nan nan nan nan nan nan nan nan nan nan nan nan nan 
igl::eigs RESTART
igl::eigs RESTART
igl::eigs RESTART
igl::eigs RESTART
igl::eigs RESTART
igl::eigs RESTART
igl::eigs RESTART
igl::eigs RESTART
igl::eigs RESTART
igl::eigs RESTART
igl::eigs RESTART
igl::eigs RESTART
igl::eigs RESTART
igl::eigs RESTART
igl::eigs RESTART
igl::eigs RESTART
igl::eigs RESTART
igl::eigs RESTART
igl::eigs RESTART
igl::eigs RESTART
igl::eigs RESTART
igl::eigs RESTART
igl::eigs RESTART
igl::eigs RESTART
igl::eigs RESTART
igl::eigs RESTART
igl::eigs RESTART
igl::eigs RESTART
igl::eigs RESTART
igl::eigs RESTART
igl::eigs RESTART
igl::eigs RESTART
igl::eigs RESTART
igl::eigs RESTART
igl::eigs RESTART
igl::eigs RESTART
igl::eigs RESTART
igl::eigs RESTART
igl::eigs RESTART
igl::eigs RESTART
igl::eigs RESTART
igl::eigs RESTART
igl::eigs RESTART
igl::eigs RESTART
igl::eigs RESTART
igl::eigs RESTART
igl::eigs RESTART
igl::eigs RESTART
igl::eigs RESTART
igl::eigs RESTART
igl::eigs RESTART
igl::eigs RESTART
igl::eigs RESTART
igl::eigs RESTART
igl::eigs RESTART
igl::eigs RESTART
igl::eigs RESTART
igl::eigs RESTART
igl::eigs RESTART
igl::eigs RESTART
igl::eigs RESTART
igl::eigs RESTART
igl::eigs RESTART
igl::eigs RESTART
igl::eigs RESTART
igl::eigs RESTART
igl::eigs RESTART
igl::eigs RESTART
igl::eigs RESTART
igl::eigs RESTART
igl::eigs RESTART
igl::eigs RESTART
igl::eigs RESTART
igl::eigs RESTART
igl::eigs RESTART
igl::eigs RESTART
igl::eigs RESTART
igl::eigs RESTART
igl::eigs RESTART
igl::eigs RESTART
igl::eigs RESTART
igl::eigs RESTART
igl::eigs RESTART
igl::eigs RESTART
igl::eigs RESTART
igl::eigs RESTART
igl::eigs RESTART
gorilla6.off -> nan nan nan nan nan nan nan nan nan nan nan nan nan nan nan nan nan nan nan nan nan nan nan nan nan nan nan nan nan nan 
igl::eigs RESTART
igl::eigs RESTART
igl::eigs RESTART
igl::eigs RESTART
igl::eigs RESTART
igl::eigs RESTART
igl::eigs RESTART
igl::eigs RESTART
igl::eigs RESTART
igl::eigs RESTART
igl::eigs RESTART
igl::eigs RESTART
igl::eigs RESTART
igl::eigs RESTART
igl::eigs RESTART
igl::eigs RESTART
igl::eigs RESTART
igl::eigs RESTART
igl::eigs RESTART
igl::eigs RESTART
igl::eigs RESTART
igl::eigs RESTART
igl::eigs RESTART
igl::eigs RESTART
igl::eigs RESTART
igl::eigs RESTART
igl::eigs RESTART
igl::eigs RESTART
igl::eigs RESTART
igl::eigs RESTART
igl::eigs RESTART
igl::eigs RESTART
igl::eigs RESTART
igl::eigs RESTART
igl::eigs RESTART
igl::eigs RESTART
igl::eigs RESTART
igl::eigs RESTART
igl::eigs RESTART
igl::eigs RESTART
igl::eigs RESTART
igl::eigs RESTART
igl::eigs RESTART
igl::eigs RESTART
igl::eigs RESTART
igl::eigs RESTART
igl::eigs RESTART
igl::eigs RESTART
igl::eigs RESTART
igl::eigs RESTART
igl::eigs RESTART
igl::eigs RESTART
igl::eigs RESTART
igl::eigs RESTART
igl::eigs RESTART
igl::eigs RESTART
igl::eigs RESTART
igl::eigs RESTART
igl::eigs RESTART
igl::eigs RESTART
igl::eigs RESTART
igl::eigs RESTART
igl::eigs RESTART
igl::eigs RESTART
igl::eigs RESTART
igl::eigs RESTART
igl::eigs RESTART
igl::eigs RESTART
igl::eigs RESTART
igl::eigs RESTART
igl::eigs RESTART
igl::eigs RESTART
igl::eigs RESTART
igl::eigs RESTART
igl::eigs RESTART
igl::eigs RESTART
igl::eigs RESTART
igl::eigs RESTART
igl::eigs RESTART
igl::eigs RESTART
igl::eigs RESTART
igl::eigs RESTART
igl::eigs RESTART
igl::eigs RESTART
igl::eigs RESTART
igl::eigs RESTART
igl::eigs RESTART
gorilla7.off -> nan nan nan nan nan nan nan nan nan nan nan nan nan nan nan nan nan nan nan nan nan nan nan nan nan nan nan nan nan nan 
igl::eigs RESTART
igl::eigs RESTART
igl::eigs RESTART
igl::eigs RESTART
igl::eigs RESTART
igl::eigs RESTART
igl::eigs RESTART
igl::eigs RESTART
igl::eigs RESTART
igl::eigs RESTART
igl::eigs RESTART
igl::eigs RESTART
igl::eigs RESTART
igl::eigs RESTART
igl::eigs RESTART
igl::eigs RESTART
igl::eigs RESTART
gorilla8.off -> nan nan nan nan nan nan nan nan nan nan nan nan nan nan nan nan nan nan nan nan nan nan nan nan nan nan nan nan nan nan 
igl::eigs RESTART
igl::eigs RESTART
igl::eigs RESTART
igl::eigs RESTART
igl::eigs RESTART
igl::eigs RESTART
igl::eigs RESTART
igl::eigs RESTART
igl::eigs RESTART
igl::eigs RESTART
igl::eigs RESTART
igl::eigs RESTART
igl::eigs RESTART
igl::eigs RESTART
igl::eigs RESTART
igl::eigs RESTART
igl::eigs RESTART
igl::eigs RESTART
igl::eigs RESTART
igl::eigs RESTART
igl::eigs RESTART
igl::eigs RESTART
igl::eigs RESTART
igl::eigs RESTART
igl::eigs RESTART
igl::eigs RESTART
igl::eigs RESTART
igl::eigs RESTART
igl::eigs RESTART
igl::eigs RESTART
igl::eigs RESTART
igl::eigs RESTART
igl::eigs RESTART
igl::eigs RESTART
igl::eigs RESTART
igl::eigs RESTART
igl::eigs RESTART
igl::eigs RESTART
igl::eigs RESTART
igl::eigs RESTART
igl::eigs RESTART
igl::eigs RESTART
igl::eigs RESTART
igl::eigs RESTART
igl::eigs RESTART
igl::eigs RESTART
igl::eigs RESTART
igl::eigs RESTART
igl::eigs RESTART
igl::eigs RESTART
igl::eigs RESTART
igl::eigs RESTART
igl::eigs RESTART
igl::eigs RESTART
igl::eigs RESTART
igl::eigs RESTART
igl::eigs RESTART
igl::eigs RESTART
igl::eigs RESTART
igl::eigs RESTART
igl::eigs RESTART
igl::eigs RESTART
igl::eigs RESTART
igl::eigs RESTART
igl::eigs RESTART
igl::eigs RESTART
igl::eigs RESTART
igl::eigs RESTART
igl::eigs RESTART
igl::eigs RESTART
igl::eigs RESTART
igl::eigs RESTART
igl::eigs RESTART
igl::eigs RESTART
igl::eigs RESTART
igl::eigs RESTART
igl::eigs RESTART
igl::eigs RESTART
igl::eigs RESTART
igl::eigs RESTART
igl::eigs RESTART
igl::eigs RESTART
igl::eigs RESTART
igl::eigs RESTART
igl::eigs RESTART
igl::eigs RESTART
igl::eigs RESTART
igl::eigs RESTART
igl::eigs RESTART
igl::eigs RESTART
igl::eigs RESTART
igl::eigs RESTART
igl::eigs RESTART
igl::eigs RESTART
igl::eigs RESTART
igl::eigs RESTART
igl::eigs RESTART
igl::eigs RESTART
igl::eigs RESTART
igl::eigs RESTART
igl::eigs RESTART
igl::eigs RESTART
igl::eigs RESTART
igl::eigs RESTART
igl::eigs RESTART
igl::eigs RESTART
igl::eigs RESTART
igl::eigs RESTART
igl::eigs RESTART
igl::eigs RESTART
igl::eigs RESTART
igl::eigs RESTART
igl::eigs RESTART
igl::eigs RESTART
igl::eigs RESTART
igl::eigs RESTART
igl::eigs RESTART
igl::eigs RESTART
igl::eigs RESTART
igl::eigs RESTART
igl::eigs RESTART
igl::eigs RESTART
igl::eigs RESTART
igl::eigs RESTART
igl::eigs RESTART
igl::eigs RESTART
igl::eigs RESTART
igl::eigs RESTART
igl::eigs RESTART
igl::eigs RESTART
igl::eigs RESTART
igl::eigs RESTART
igl::eigs RESTART
igl::eigs RESTART
igl::eigs RESTART
igl::eigs RESTART
igl::eigs RESTART
igl::eigs RESTART
igl::eigs RESTART
igl::eigs RESTART
igl::eigs RESTART
igl::eigs RESTART
igl::eigs RESTART
igl::eigs RESTART
igl::eigs RESTART
igl::eigs RESTART
igl::eigs RESTART
igl::eigs RESTART
igl::eigs RESTART
igl::eigs RESTART
igl::eigs RESTART
igl::eigs RESTART
igl::eigs RESTART
igl::eigs RESTART
igl::eigs RESTART
igl::eigs RESTART
igl::eigs RESTART
igl::eigs RESTART
igl::eigs RESTART
igl::eigs RESTART
igl::eigs RESTART
igl::eigs RESTART
igl::eigs RESTART
igl::eigs RESTART
igl::eigs RESTART
igl::eigs RESTART
igl::eigs RESTART
igl::eigs RESTART
igl::eigs RESTART
igl::eigs RESTART
igl::eigs RESTART
igl::eigs RESTART
igl::eigs RESTART
igl::eigs RESTART
igl::eigs RESTART
igl::eigs RESTART
igl::eigs RESTART
igl::eigs RESTART
igl::eigs RESTART
igl::eigs RESTART
igl::eigs RESTART
igl::eigs RESTART
igl::eigs RESTART
igl::eigs RESTART
igl::eigs RESTART
igl::eigs RESTART
igl::eigs RESTART
igl::eigs RESTART
igl::eigs RESTART
igl::eigs RESTART
igl::eigs RESTART
igl::eigs RESTART
igl::eigs RESTART
igl::eigs RESTART
igl::eigs RESTART
igl::eigs RESTART
igl::eigs RESTART
igl::eigs RESTART
igl::eigs RESTART
igl::eigs RESTART
igl::eigs RESTART
igl::eigs RESTART
igl::eigs RESTART
igl::eigs RESTART
igl::eigs RESTART
igl::eigs RESTART
igl::eigs RESTART
igl::eigs RESTART
igl::eigs RESTART
igl::eigs RESTART
igl::eigs RESTART
igl::eigs RESTART
igl::eigs RESTART
igl::eigs RESTART
igl::eigs RESTART
igl::eigs RESTART
igl::eigs RESTART
igl::eigs RESTART
igl::eigs RESTART
igl::eigs RESTART
igl::eigs RESTART
igl::eigs RESTART
igl::eigs RESTART
igl::eigs RESTART
igl::eigs RESTART
igl::eigs RESTART
igl::eigs RESTART
igl::eigs RESTART
igl::eigs RESTART
igl::eigs RESTART
igl::eigs RESTART
igl::eigs RESTART
igl::eigs RESTART
igl::eigs RESTART
igl::eigs RESTART
igl::eigs RESTART
igl::eigs RESTART
igl::eigs RESTART
igl::eigs RESTART
igl::eigs RESTART
igl::eigs RESTART
igl::eigs RESTART
igl::eigs RESTART
igl::eigs RESTART
igl::eigs RESTART
igl::eigs RESTART
igl::eigs RESTART
igl::eigs RESTART
igl::eigs RESTART
igl::eigs RESTART
igl::eigs RESTART
igl::eigs RESTART
igl::eigs RESTART
igl::eigs RESTART
igl::eigs RESTART
igl::eigs RESTART
igl::eigs RESTART
igl::eigs RESTART
igl::eigs RESTART
igl::eigs RESTART
igl::eigs RESTART
igl::eigs RESTART
igl::eigs RESTART
igl::eigs RESTART
igl::eigs RESTART
igl::eigs RESTART
igl::eigs RESTART
igl::eigs RESTART
igl::eigs RESTART
igl::eigs RESTART
igl::eigs RESTART
igl::eigs RESTART
igl::eigs RESTART
igl::eigs RESTART
igl::eigs RESTART
igl::eigs RESTART
igl::eigs RESTART
igl::eigs RESTART
igl::eigs RESTART
igl::eigs RESTART
igl::eigs RESTART
igl::eigs RESTART
igl::eigs RESTART
igl::eigs RESTART
igl::eigs RESTART
igl::eigs RESTART
igl::eigs RESTART
igl::eigs RESTART
igl::eigs RESTART
igl::eigs RESTART
igl::eigs RESTART
igl::eigs RESTART
igl::eigs RESTART
igl::eigs RESTART
igl::eigs RESTART
igl::eigs RESTART
igl::eigs RESTART
igl::eigs RESTART
igl::eigs RESTART
igl::eigs RESTART
igl::eigs RESTART
igl::eigs RESTART
igl::eigs RESTART
igl::eigs RESTART
igl::eigs RESTART
igl::eigs RESTART
igl::eigs RESTART
igl::eigs RESTART
igl::eigs RESTART
igl::eigs RESTART
igl::eigs RESTART
igl::eigs RESTART
igl::eigs RESTART
igl::eigs RESTART
igl::eigs RESTART
igl::eigs RESTART
igl::eigs RESTART
igl::eigs RESTART
igl::eigs RESTART
igl::eigs RESTART
igl::eigs RESTART
igl::eigs RESTART
igl::eigs RESTART
igl::eigs RESTART
igl::eigs RESTART
igl::eigs RESTART
igl::eigs RESTART
igl::eigs RESTART
igl::eigs RESTART
igl::eigs RESTART
igl::eigs RESTART
igl::eigs RESTART
igl::eigs RESTART
igl::eigs RESTART
igl::eigs RESTART
igl::eigs RESTART
igl::eigs RESTART
igl::eigs RESTART
igl::eigs RESTART
igl::eigs RESTART
igl::eigs RESTART
igl::eigs RESTART
igl::eigs RESTART
igl::eigs RESTART
igl::eigs RESTART
igl::eigs RESTART
igl::eigs RESTART
igl::eigs RESTART
igl::eigs RESTART
igl::eigs RESTART
igl::eigs RESTART
igl::eigs RESTART
igl::eigs RESTART
igl::eigs RESTART
igl::eigs RESTART
igl::eigs RESTART
igl::eigs RESTART
igl::eigs RESTART
gorilla9.off -> nan nan nan nan nan nan nan nan nan nan nan nan nan nan nan nan nan nan nan nan nan nan nan nan nan nan nan nan nan nan 
horse0.off -> 
horse10.off -> 
horse12.off -> 0.0598366 0.0631622 0.0644599 0.0650435 0.0651648 0.0652522 0.0655483 0.0656404 0.0657198 0.0658365 0.065849 0.066036 0.0661906 0.0664335 0.0670521 0.0672298 0.0672763 0.0673321 0.0675334 0.0677171 0.0680637 0.0681282 0.0685095 0.0689035 0.0690423 0.0692776 0.0693276 0.069421 0.0696413 0.0698878 
horse13.off -> 0.062417 0.063338 0.0647668 0.0652433 0.0665213 0.0665657 0.0678294 0.0682806 0.0683655 0.0688284 0.0688647 0.068913 0.0696243 0.0696575 0.069845 0.0700823 0.0701683 0.0701807 0.0705153 0.0706607 0.0706749 0.070911 0.0713559 0.0714628 0.0717807 0.0719052 0.0719751 0.0719926 0.0722457 0.0723155 
horse14.off -> 0.0649946 0.0658126 0.0658842 0.0663055 0.0666312 0.0667975 0.0670787 0.0674392 0.06779 0.0690972 0.0691515 0.069283 0.0699336 0.0706561 0.0707685 0.0709035 0.0716187 0.0718354 0.071955 0.072296 0.0724594 0.0724738 0.0725784 0.0727954 0.0733115 0.0741073 0.0741481 0.0742232 0.0742864 0.0743756 
horse15.off -> 0.0708549 0.0709598 0.0710447 0.071366 0.0717237 0.0717442 0.0720752 0.0721591 0.0721912 0.0724631 0.0726342 0.0732467 0.0732706 0.0733663 0.0736966 0.0743258 0.075159 0.0753159 0.0754712 0.0756831 0.07586 0.0760145 0.0760275 0.0765272 0.0768027 0.0768916 0.0769181 0.0769406 0.07702 0.077245 
horse16.off -> 0.0613916 0.0621876 0.0647554 0.0658894 0.066137 0.0664411 0.0671206 0.0686211 0.0689504 0.0689542 0.069104 0.0692085 0.0692825 0.0693678 0.06949 0.0696763 0.0697915 0.069988 0.0700108 0.0703069 0.0703823 0.070521 0.0707375 0.0710958 0.0713072 0.0714763 0.0714989 0.0716257 0.0718348 0.0718917 
horse17.off -> 0.0627954 0.0637543 0.0644053 0.0649885 0.0650375 0.0655152 0.0658613 0.0660567 0.0666843 0.0671662 0.0675473 0.0680486 0.0683486 0.0691809 0.0692777 0.0695102 0.069882 0.0701291 0.0703859 0.0703995 0.0709243 0.071525 0.0716121 0.0717263 0.0717312 0.0719587 0.0725431 0.0727799 0.0729258 0.0732191 
horse18.off -> 
horse2.off -> 
horse3.off -> 0.067313 0.0673852 0.0678181 0.0682543 0.0684547 0.0685 0.0687701 0.0694477 0.069453 0.0694923 0.0697878 0.0700535 0.0701197 0.0703014 0.0704437 0.0706213 0.071137 0.0713068 0.0713576 0.0718397 0.0719868 0.072008 0.0722901 0.0728012 0.0730673 0.0731596 0.0731674 0.0731864 0.0732196 0.0732232 
horse4.off -> 0.0701375 0.0712702 0.0719963 0.0740353 0.0740631 0.0742328 0.0745105 0.0749887 0.0751482 0.075159 0.0754208 0.0760296 0.0761481 0.0764962 0.0764967 0.0766634 0.0766899 0.0770056 0.0771457 0.0772339 0.0772907 0.0773715 0.0776953 0.0777483 0.0778297 0.0778841 0.0779069 0.0780347 0.0781782 0.0781885 
horse5.off -> 0.0602539 0.060515 0.0615135 0.061976 0.0620382 0.0630132 0.063222 0.0632374 0.063373 0.0634878 0.0635779 0.0635988 0.0639475 0.064222 0.0651669 0.0653144 0.065374 0.0663561 0.0663973 0.0666415 0.066741 0.0668028 0.0668222 0.0668655 0.0671115 0.0671541 0.0672638 0.0674562 0.0675515 0.0677929 
horse6.off -> 0.070543 0.0707643 0.0713331 0.0714187 0.0715778 0.0722351 0.0726622 0.0727957 0.072991 0.0729993 0.0730305 0.0732425 0.0734375 0.0736882 0.0738223 0.074052 0.0743606 0.0744112 0.0744305 0.0744933 0.0745295 0.0745502 0.0745869 0.0747259 0.0747818 0.0750135 0.0750178 0.0750559 0.0751201 0.075236 
horse7.off -> 0.0721516 0.0723989 0.0724125 0.0725555 0.0725752 0.072721 0.0730452 0.0731737 0.0732959 0.073399 0.0736616 0.0736911 0.0738925 0.0739236 0.0740874 0.0746885 0.0747806 0.074972 0.0751018 0.075359 0.0754349 0.0754694 0.0756417 0.0756522 0.0759285 0.0764237 0.0767742 0.0768112 0.0768296 0.0768987 
horse8.off -> 0.0668447 0.0669733 0.0675262 0.0688178 0.0695774 0.0702611 0.0702767 0.0705222 0.0707552 0.0709646 0.0713189 0.0716013 0.0717877 0.0718392 0.0726094 0.0726899 0.0727262 0.0727416 0.0728344 0.072992 0.0730644 0.0730995 0.0735674 0.0736113 0.0736776 0.0737227 0.0737371 0.0737568 0.0737751 0.0738479 
horse9.off -> 0.0669091 0.0676507 0.0680889 0.0684324 0.0688896 0.0695059 0.0695292 0.0697336 0.0699294 0.0699933 0.0701157 0.0701241 0.0702057 0.0702297 0.0705545 0.0707565 0.0710424 0.0710596 0.0711234 0.0713504 0.071365 0.0713975 0.0715969 0.0716005 0.0716103 0.0720009 0.0721415 0.0722358 0.0726855 0.0726997 
lioness0.off -> 0.065987 0.0674439 0.0679445 0.0679674 0.0691851 0.0692813 0.0692863 0.0699615 0.070094 0.0702723 0.070273 0.0707186 0.0707372 0.0708717 0.0715407 0.0715453 0.0715486 0.0716847 0.0716907 0.0718098 0.0723352 0.0725557 0.0726617 0.0726888 0.072757 0.0727726 0.0728465 0.0728485 0.0728688 0.0728916 
lioness1.off -> 0.0661824 0.0669433 0.0671615 0.0678538 0.0694932 0.0698064 0.0709868 0.0710663 0.0713857 0.072013 0.0724629 0.0724748 0.0726778 0.0728914 0.0730737 0.073646 0.073672 0.0736876 0.0738246 0.0739454 0.0739521 0.0741632 0.0750215 0.0750912 0.0752312 0.0753242 0.0757112 0.0757492 0.0758987 0.0759483 
lioness10.off -> 0.0635152 0.0635917 0.0653302 0.0659951 0.0677926 0.067973 0.0693214 0.0694626 0.0704236 0.0706102 0.07064 0.0706721 0.0710021 0.0710273 0.0715643 0.0717018 0.0721309 0.0723244 0.0725348 0.0726273 0.0726364 0.0728336 0.072882 0.0729505 0.0729583 0.0729771 0.0735043 0.0735636 0.073852 0.0740654 
lioness12.off -> 0.0599093 0.0622067 0.0622506 0.063318 0.0634959 0.0635999 0.06412 0.0646298 0.0653045 0.0653385 0.0659098 0.0661298 0.0664598 0.0667472 0.0668565 0.0669748 0.0673469 0.0675428 0.0677573 0.0677628 0.068312 0.0684934 0.0687583 0.0689094 0.0693636 0.0694916 0.0699407 0.0700516 0.0701454 0.0701919 
lioness13.off -> 0.0602285 0.0603643 0.0650592 0.0652639 0.0656622 0.0669374 0.0675525 0.0685086 0.0702056 0.0702979 0.0705467 0.0706633 0.0713134 0.0713509 0.071714 0.0719228 0.0720478 0.0727478 0.0728134 0.0729168 0.0732863 0.0735617 0.073705 0.0741478 0.0742028 0.0743836 0.0744321 0.0752366 0.0752519 0.0752544 
lioness14.off -> 0.0680616 0.0684049 0.0685677 0.0686631 0.0700112 0.0700598 0.0701252 0.0702444 0.0706545 0.0710432 0.0713889 0.0714551 0.0715755 0.0716444 0.0719767 0.0721202 0.0731997 0.0734885 0.0737092 0.0740967 0.074184 0.074395 0.0755064 0.0758509 0.075953 0.0762609 0.0771183 0.0771473 0.0772785 0.0774161 
lioness15.off -> 
lioness16.off -> 0.0704014 0.0718075 0.0722625 0.0731231 0.0733669 0.0736855 0.0737483 0.0738143 0.0741384 0.0741493 0.0742198 0.0743869 0.0745196 0.0745609 0.0746739 0.0750768 0.0751921 0.0754367 0.0758183 0.0759852 0.0761268 0.0761343 0.0762219 0.0762432 0.0765995 0.0766775 0.0770388 0.0771058 0.0772821 0.0775784 
lioness2.off -> 0.064487 0.0644961 0.0648162 0.0659731 0.0664628 0.0667273 0.0671338 0.0671943 0.0683309 0.0694847 0.0698794 0.0711436 0.0713835 0.0718775 0.0728928 0.0731067 0.0733931 0.0734627 0.073584 0.07388 0.0741782 0.0746928 0.0748545 0.0749593 0.0753139 0.0753966 0.0754254 0.0755445 0.0757445 0.0758337 
lioness3.off -> 0.061879 0.0638379 0.064641 0.0648653 0.0650535 0.0653188 0.0660481 0.0661425 0.0668052 0.0670737 0.067408 0.0678365 0.0690799 0.0696238 0.0698615 0.0703238 0.0706152 0.0710587 0.0714648 0.0717978 0.0720716 0.0723669 0.0727635 0.072787 0.0728429 0.0731651 0.0735271 0.0736391 0.0738007 0.0739006 
lioness4.off -> 0.0682398 0.0712962 0.0713925 0.0714322 0.0718871 0.0721685 0.07239 0.0727724 0.0727787 0.0728646 0.0728695 0.0730147 0.073095 0.0732148 0.0748309 0.0750428 0.075103 0.0751062 0.0751512 0.0752914 0.0753138 0.0754666 0.07555 0.0756191 0.0757235 0.0760251 0.0760598 0.0761292 0.0761304 0.0761639 
lioness5.off -> 0.0640862 0.0647539 0.0654614 0.0657849 0.0660087 0.0661227 0.0666055 0.0668066 0.0669452 0.0676838 0.0680092 0.0683746 0.0684778 0.0685849 0.0685914 0.0690268 0.0690318 0.069041 0.0692424 0.0693739 0.0693954 0.0695394 0.0695888 0.0697162 0.069755 0.0699898 0.070253 0.0702609 0.0703157 0.0705364 
lioness6.off -> 0.0629405 0.0644452 0.0651474 0.0660381 0.0663427 0.0679467 0.0690915 0.0700401 0.0705328 0.0712951 0.0725188 0.0726027 0.0729394 0.0731496 0.0731696 0.0734239 0.0734337 0.0735807 0.073613 0.0737516 0.0740403 0.0746254 0.0748058 0.0749205 0.0752038 0.075253 0.075528 0.0756476 0.0757388 0.0758193 
lioness7.off -> 
lioness8.off -> 0.0579889 0.058525 0.0589095 0.0620788 0.0629026 0.0637254 0.0639307 0.0641625 0.0643398 0.0648554 0.0658377 0.0661666 0.066333 0.0666848 0.0667397 0.0669122 0.0676516 0.0678748 0.0683662 0.0684575 0.0686493 0.0690373 0.0692325 0.0694548 0.0696306 0.0696687 0.0697162 0.0705882 0.0706228 0.0709096 
michael0.off -> 0.0684031 0.0696744 0.0697931 0.0698922 0.0699061 0.0704785 0.0714431 0.0721675 0.0722441 0.0722573 0.0723036 0.0724039 0.0726348 0.072726 0.072908 0.0729874 0.0731543 0.0733865 0.073405 0.0735857 0.0738342 0.0741548 0.0741631 0.0742402 0.0742527 0.0747502 0.0751743 0.0753282 0.0753728 0.0753799 
michael1.off -> 0.0637371 0.0641761 0.0643805 0.0644969 0.0651586 0.0652969 0.0654868 0.0656821 0.0660892 0.0667423 0.0668082 0.0671821 0.0673454 0.0678992 0.0680563 0.0680699 0.0681096 0.0685282 0.068614 0.0686787 0.0687754 0.0691361 0.0692457 0.0695342 0.0696122 0.0700643 0.0701225 0.0705526 0.0705651 0.0707632 
michael10.off -> 0.0631228 0.0633962 0.0638672 0.0648671 0.0653175 0.0656043 0.0657377 0.0658252 0.0664986 0.0675628 0.0676223 0.0677695 0.0683808 0.0694466 0.0697964 0.0698159 0.0698785 0.0699148 0.0703963 0.0704443 0.0714796 0.0716662 0.0718706 0.0734238 0.0734377 0.0736718 0.0737313 0.0737364 0.0739525 0.0739845 
michael11.off -> 0.0568113 0.0575088 0.0581011 0.058222 0.058375 0.0590387 0.0605868 0.0610658 0.0619577 0.0622589 0.0628886 0.063211 0.0633682 0.0638879 0.0640362 0.0647669 0.0652949 0.0657219 0.065737 0.0659472 0.0659987 0.0662866 0.0662955 0.0663056 0.0669164 0.0673961 0.0678602 0.0683071 0.0687054 0.0688138 
michael12.off -> 0.0704332 0.0720144 0.0726182 0.0728068 0.0747544 0.0752533 0.07589 0.076131 0.0762686 0.0768341 0.077317 0.0773237 0.0773956 0.0774194 0.0776436 0.0779357 0.0784067 0.0788374 0.0790752 0.0794959 0.0798201 0.0798542 0.0799484 0.0800593 0.0803236 0.0804198 0.0804657 0.0806802 0.0807895 0.0808467 
michael13.off -> 
michael14.off -> 0.0506575 0.0522983 0.0526355 0.0527979 0.0530121 0.0555212 0.0555463 0.0566084 0.057627 0.0583013 0.0585997 0.0600321 0.0601782 0.0602393 0.0604019 0.0604975 0.0605477 0.0613019 0.0614211 0.0619371 0.0622682 0.0622802 0.0623038 0.0623899 0.0625322 0.0627652 0.0632495 0.0634186 0.0637676 0.0640972 
michael15.off -> 0.0724913 0.0733343 0.0738202 0.0741234 0.0743641 0.074378 0.0744122 0.0745088 0.0745523 0.0746355 0.0747438 0.0750317 0.0753165 0.0753808 0.0753829 0.0754333 0.0756407 0.0760211 0.0760908 0.0761599 0.0761733 0.0762306 0.0762372 0.0762639 0.0762903 0.0763854 0.0766256 0.0766744 0.0767288 0.07676 
michael16.off -> 0.0692315 0.0694079 0.069925 0.0700076 0.0706655 0.0709519 0.0716275 0.0716887 0.0717085 0.0720503 0.0721992 0.0725257 0.073266 0.0736699 0.0744561 0.0747305 0.0747509 0.0754688 0.0754691 0.0754854 0.0760741 0.0763646 0.0766136 0.0767789 0.0769261 0.0770716 0.0771521 0.0774654 0.0779837 0.0780089 
michael17.off -> 0.0609616 0.0614665 0.0620175 0.062652 0.062838 0.0635157 0.0644267 0.064428 0.0648846 0.0666408 0.0673812 0.0682384 0.0683435 0.0685019 0.0687614 0.0695371 0.0700191 0.0701747 0.0713412 0.0715881 0.0719271 0.0720415 0.07247 0.0729383 0.073008 0.0737383 0.0738086 0.0741253 0.0745041 0.0750155 
michael18.off -> 
michael19.off -> 0.0451737 0.0461219 0.0477406 0.0482599 0.0495457 0.0498595 0.050604 0.0512676 0.0526549 0.0527436 0.0528706 0.0535409 0.0539162 0.0556431 0.0556947 0.0558161 0.0570054 0.0575313 0.057569 0.0576452 0.0576927 0.0577641 0.0583128 0.0583521 0.0594634 0.0595368 0.0600207 0.0601397 0.0604115 0.0606489 
michael2.off -> 0.0575038 0.0577821 0.0585315 0.058643 0.0587197 0.0595258 0.060368 0.0605362 0.0607379 0.0608436 0.0622171 0.0625288 0.0629237 0.0631167 0.0632452 0.0635867 0.0640763 0.0647676 0.0647919 0.0647997 0.0652412 0.0661814 0.0665945 0.0669843 0.0672401 0.0672725 0.0676732 0.0676806 0.0676958 0.0678871 
michael3.off -> 0.0700792 0.0702193 0.0702766 0.0709632 0.0710243 0.0711822 0.0732183 0.0733443 0.0734003 0.073791 0.0740108 0.0740217 0.0741761 0.0742326 0.0747361 0.0748153 0.0749346 0.0750458 0.0750729 0.0753134 0.0754501 0.0754757 0.075529 0.075745 0.075746 0.076129 0.0762034 0.0767511 0.0768479 0.0769327 
michael4.off -> 0.0660149 0.0673446 0.0682897 0.0694712 0.0696879 0.0700586 0.0700773 0.0701781 0.070202 0.0703534 0.0707098 0.0707583 0.0708948 0.0709544 0.0709606 0.07117 0.0713708 0.0715388 0.0715488 0.0719753 0.0721028 0.0721752 0.072335 0.0724236 0.0725348 0.072842 0.0728858 0.0732821 0.0733767 0.073759 
michael5.off -> 
michael6.off -> 0.0632572 0.0638151 0.0639503 0.0646184 0.064764 0.064803 0.0661411 0.0663355 0.066471 0.0667947 0.0668804 0.067005 0.0675137 0.0675726 0.0684521 0.0686452 0.0690903 0.0695406 0.0695916 0.0698339 0.0698376 0.0699547 0.0701309 0.070205 0.0705222 0.0707471 0.070916 0.0709654 0.0710541 0.0712269 
michael7.off -> 0.0606248 0.0614185 0.0628226 0.0629017 0.0634846 0.0635771 0.0637568 0.0638087 0.0640151 0.0652448 0.0658685 0.0665314 0.0665946 0.0667204 0.0669112 0.0680698 0.0684205 0.068593 0.0688863 0.0694883 0.0696823 0.0703098 0.0707926 0.0708447 0.0709051 0.0716363 0.0717693 0.0719255 0.072191 0.0724124 
michael8.off -> 0.0608205 0.0610789 0.062619 0.0631145 0.0635994 0.0640924 0.0641664 0.0643177 0.064319 0.0645962 0.0646536 0.0651034 0.0657532 0.0664841 0.0668155 0.0671544 0.0674591 0.0675465 0.0687151 0.0691288 0.0693952 0.0696849 0.0699683 0.0700965 0.0703083 0.070657 0.0706769 0.07076 0.0708643 0.0717658 
michael9.off -> 0.063038 0.0640507 0.0643174 0.0650165 0.0661396 0.0662722 0.0671113 0.0673252 0.0677632 0.0677942 0.0678726 0.0680097 0.0685705 0.0687253 0.0687735 0.0688336 0.0690227 0.0691425 0.0694623 0.0696155 0.0698228 0.0700421 0.0701674 0.0708183 0.0708299 0.0709964 0.0711582 0.0713163 0.072182 0.072207 
shark0.off -> 0.0704856 0.0708781 0.0709209 0.0724824 0.0727654 0.0729859 0.073743 0.0742882 0.0743106 0.0744318 0.0745279 0.0748941 0.0749305 0.0752219 0.0756227 0.0756255 0.0756508 0.0757119 0.075888 0.0759312 0.0761485 0.0761503 0.0763109 0.0763767 0.0763775 0.0763962 0.0764637 0.0765292 0.0767387 0.0768755 
victoria0.off -> 0.0706674 0.0719657 0.0725386 0.0727483 0.0729666 0.073487 0.0734925 0.0739279 0.0740343 0.0743415 0.074491 0.0748956 0.0749324 0.0757422 0.0759426 0.0762985 0.0766276 0.0766967 0.076753 0.0768757 0.0771088 0.0773799 0.0776442 0.0777736 0.0778756 0.0779388 0.0781077 0.0781268 0.0781334 0.078206 
victoria1.off -> 0.0706674 0.0719657 0.0725386 0.0727483 0.0729666 0.073487 0.0734925 0.0739279 0.0740343 0.0743415 0.074491 0.0748956 0.0749324 0.0757422 0.0759426 0.0762985 0.0766276 0.0766967 0.076753 0.0768757 0.0771088 0.0773799 0.0776442 0.0777736 0.0778756 0.0779388 0.0781077 0.0781268 0.0781334 0.078206 
victoria10.off -> 0.0696674 0.0709088 0.0710384 0.0713516 0.0719631 0.0721382 0.0723938 0.0727013 0.0728261 0.0731431 0.0739664 0.073999 0.0740445 0.0741714 0.0752011 0.0752073 0.0755147 0.0759972 0.0760263 0.0760495 0.0761777 0.0762348 0.0762568 0.076337 0.0765467 0.0765548 0.0769554 0.0770162 0.0775068 0.0775373 
victoria11.off -> 0.066963 0.0676748 0.067708 0.0684029 0.0692821 0.0693363 0.0693711 0.0698653 0.0700747 0.0701565 0.0702785 0.0710017 0.0710267 0.0711341 0.071401 0.0714773 0.0715261 0.0719114 0.072067 0.0721751 0.0722316 0.0722788 0.0724095 0.0724139 0.0724345 0.072596 0.072867 0.0728934 0.0730581 0.0733867 
victoria12.off -> 0.0685653 0.0686576 0.0694616 0.0694736 0.0697965 0.0705927 0.0711635 0.0717322 0.0720066 0.0728447 0.07299 0.0730179 0.0732453 0.0733409 0.0736019 0.0736656 0.0744805 0.0746126 0.0746219 0.0747184 0.0747438 0.0749348 0.0749769 0.0750654 0.0753255 0.0755477 0.0756853 0.0758398 0.0759971 0.0760562 
victoria13.off -> 0.0650524 0.0654747 0.0665909 0.0666322 0.0670343 0.0673949 0.0678003 0.0683375 0.0683406 0.068468 0.0684861 0.0686444 0.069056 0.0691861 0.0693855 0.0696109 0.0702976 0.0708497 0.0712361 0.0715352 0.0715923 0.0724735 0.0725191 0.072543 0.0728954 0.0737344 0.0738427 0.0742309 0.074462 0.0760356 
victoria14.off -> 0.0650436 0.0654598 0.0665905 0.0666177 0.0670208 0.0673813 0.0677466 0.0682836 0.0682975 0.0683689 0.0685186 0.0686339 0.0690525 0.0692004 0.0692958 0.069552 0.0702948 0.0707848 0.0712151 0.0715097 0.0715697 0.0724515 0.0724875 0.0725379 0.0729004 0.0736771 0.0738081 0.0742488 0.0744146 0.0760446 
victoria16.off -> 0.0716996 0.0722214 0.0722529 0.07236 0.0727388 0.0730094 0.0730209 0.0739848 0.0740445 0.0741646 0.0742514 0.0743623 0.0744922 0.074557 0.0755852 0.0756748 0.0760608 0.0761745 0.0761798 0.0766705 0.0767066 0.0771339 0.0772319 0.0775914 0.0776291 0.0780143 0.0783376 0.078392 0.0785394 0.0790474 
victoria17.off -> 0.0687775 0.0703862 0.070441 0.0709135 0.0726493 0.0735737 0.0738038 0.0738106 0.0743793 0.0745161 0.0746728 0.0747995 0.0752247 0.0755433 0.0755843 0.075831 0.0762052 0.0764676 0.0766546 0.0767509 0.0767793 0.0768356 0.0769209 0.0769808 0.0769877 0.0772468 0.077442 0.077493 0.0775125 0.0775236 
victoria18.off -> 0.0719191 0.0724561 0.0728702 0.0730062 0.0730955 0.073388 0.0735337 0.0737396 0.0740542 0.0757153 0.0758523 0.0759692 0.0762417 0.0762969 0.076399 0.0766813 0.0768931 0.0772733 0.0774535 0.0779483 0.0781398 0.0782355 0.0782796 0.0783621 0.0786011 0.0787752 0.0788016 0.0789051 0.0789314 0.0790718 
victoria19.off -> 0.0707184 0.0712505 0.0730758 0.0736043 0.0736813 0.0737277 0.0738356 0.0739647 0.0741953 0.0745541 0.0747391 0.0751183 0.0752947 0.0757042 0.0759574 0.075984 0.0761136 0.0761368 0.0765493 0.0767585 0.0770933 0.0770989 0.0771939 0.0778419 0.0780818 0.0784417 0.078524 0.0786666 0.0786889 0.0787106 
victoria2.off -> 0.0718461 0.0733539 0.0737233 0.0748918 0.0749424 0.0753639 0.0755264 0.0757545 0.0758304 0.0760984 0.0761552 0.076447 0.0767571 0.0774174 0.0776434 0.0777192 0.0777459 0.0777489 0.0777952 0.0778223 0.077902 0.078007 0.0780696 0.0781626 0.0782833 0.0783976 0.0784821 0.078628 0.0788331 0.0788674 
victoria20.off -> 0.0542547 0.0561818 0.0563162 0.0566967 0.0574569 0.0575343 0.058662 0.0588036 0.0590408 0.0595106 0.0608192 0.0616021 0.0620874 0.0621104 0.0622921 0.0627548 0.0630497 0.0644517 0.0647193 0.0657033 0.0659241 0.0665898 0.0667407 0.0668088 0.0672847 0.0676204 0.0680561 0.0682178 0.0682313 0.069209 
victoria21.off -> 0.0542547 0.0561818 0.0563162 0.0566967 0.0574569 0.0575343 0.058662 0.0588036 0.0590408 0.0595106 0.0608192 0.0616021 0.0620874 0.0621104 0.0622921 0.0627548 0.0630497 0.0644517 0.0647193 0.0657033 0.0659241 0.0665898 0.0667407 0.0668088 0.0672847 0.0676204 0.0680561 0.0682178 0.0682313 0.069209 
victoria22.off -> 0.0650524 0.0654747 0.0665909 0.0666322 0.0670343 0.0673949 0.0678003 0.0683375 0.0683406 0.068468 0.0684861 0.0686444 0.069056 0.0691861 0.0693855 0.0696109 0.0702976 0.0708497 0.0712361 0.0715352 0.0715923 0.0724735 0.0725191 0.072543 0.0728954 0.0737344 0.0738427 0.0742309 0.074462 0.0760356 
victoria23.off -> 0.0627312 0.0631718 0.0637188 0.0640265 0.0643483 0.0647098 0.0648971 0.0659494 0.06646 0.0667225 0.0676611 0.0679784 0.0686144 0.0688633 0.0689758 0.06933 0.0693512 0.0697658 0.0703218 0.0703555 0.0710034 0.071152 0.0717248 0.0718161 0.0720418 0.0721303 0.0728621 0.0738887 0.0741251 0.0744151 
victoria24.off -> 0.0629562 0.0638768 0.0640613 0.0658173 0.0658531 0.0659036 0.0660331 0.0665585 0.0672094 0.0674215 0.0674833 0.0678748 0.0679217 0.0680146 0.0684264 0.0688567 0.0692263 0.0696148 0.06984 0.0709739 0.0711406 0.0712456 0.0713408 0.0716193 0.0717631 0.0724077 0.0724789 0.0727099 0.0738969 0.0740445 
victoria25.off -> 0.0665619 0.0666704 0.0672278 0.0685844 0.0688957 0.0694765 0.0696923 0.0699922 0.0700181 0.0705446 0.0707695 0.0716307 0.0721584 0.072346 0.0723839 0.0724697 0.072693 0.0728298 0.0728762 0.0733649 0.0736787 0.0738597 0.0739728 0.0740873 0.0743573 0.0747018 0.0750862 0.0752074 0.0752315 0.0752619 
victoria3.off -> 0.0705306 0.0711315 0.0716167 0.0719393 0.0721025 0.0726084 0.0730511 0.0733662 0.0735368 0.0737175 0.0746153 0.0761534 0.0763982 0.0764104 0.0765783 0.0766814 0.0769514 0.0774812 0.0774993 0.0775333 0.0777054 0.0777257 0.0778309 0.0779315 0.0780686 0.0781217 0.0781609 0.0789069 0.0789803 0.0793449 
victoria4.off -> 0.0710616 0.0715152 0.0715399 0.0716097 0.0726097 0.0728939 0.0731407 0.0734926 0.0736253 0.0737335 0.0742087 0.0742328 0.0742366 0.0746078 0.0747648 0.0749339 0.0754976 0.0756806 0.076075 0.0760791 0.0760925 0.0767252 0.076826 0.0768457 0.077022 0.0772435 0.0777287 0.0777301 0.0779548 0.07806 
victoria5.off -> 0.0631684 0.0655675 0.0657475 0.0663557 0.0666534 0.0671492 0.0671539 0.0671737 0.0679405 0.0679578 0.0679872 0.0684209 0.0690033 0.0692048 0.0696997 0.0701383 0.0702261 0.0704466 0.0709519 0.0713959 0.0719731 0.0719742 0.0724226 0.0725871 0.0728531 0.0744958 0.074948 0.0749856 0.0752251 0.0754135 
victoria6.off -> 
victoria7.off -> 0.0562876 0.058706 0.0602569 0.0613734 0.0615176 0.0616908 0.0621666 0.0623013 0.0624996 0.062567 0.0627084 0.0631786 0.0634647 0.0635629 0.0637284 0.0640387 0.0641201 0.064551 0.0645722 0.0645968 0.0647142 0.0648038 0.064838 0.0652131 0.065246 0.0653202 0.0653919 0.0657423 0.0658628 0.0659056 
victoria9.off -> 0.0729421 0.0733438 0.0736327 0.0736939 0.0742714 0.074562 0.0748055 0.0748956 0.0753472 0.0753606 0.0759079 0.0759873 0.0760691 0.0764239 0.0765217 0.0767805 0.0767921 0.0771138 0.077446 0.0777168 0.0777292 0.0777893 0.0778062 0.0778682 0.07797 0.0780761 0.0780839 0.0781384 0.0782786 0.0786025 
wolf0.off -> 0.0563553 0.060396 0.060999 0.0613758 0.0631845 0.0640055 0.0643515 0.064819 0.0662177 0.0665528 0.0681348 0.0683385 0.0684297 0.0686869 0.0687149 0.0690382 0.0706366 0.0708621 0.0717267 0.0718093 0.0720129 0.0720378 0.0730908 0.073256 0.0733838 0.0744606 0.0746265 0.0748697 0.0750481 0.0752311 
wolf1.off -> 
wolf2.off -> 0.0601679 0.0601763 0.0631826 0.0633342 0.0645781 0.0646273 0.0651274 0.065242 0.0656767 0.0657445 0.0659763 0.0664395 0.0669564 0.0677978 0.0678689 0.0691059 0.0691684 0.0702058 0.070268 0.0704414 0.0709852 0.0711249 0.0712253 0.0717155 0.0724059 0.0725627 0.0728214 0.0737303 0.074041 0.0746879 
